Build started 08.04.2015 9:59:21.
     1>Project "C:\Users\Andrejka\documents\visual studio 2010\Projects\Піцерская Лалба 4 вінапі\Лалба 4 Машынка\Лалба 4 Машынка.vcxproj" on node 2 (build target(s)).
     1>InitializeBuildStatus:
         Creating "Debug\Лалба 4 Машынка.unsuccessfulbuild" because "AlwaysCreate" was specified.
       ClCompile:
         C:\Program Files (x86)\Microsoft Visual Studio 10.0\VC\bin\CL.exe /c /ZI /nologo /W3 /WX- /Od /Oy- /D WIN32 /D _DEBUG /D _WINDOWS /D _UNICODE /D UNICODE /Gm /EHsc /RTC1 /MDd /GS /fp:precise /Zc:wchar_t /Zc:forScope /Fo"Debug\\" /Fd"Debug\vc100.pdb" /Gd /TP /analyze- /errorReport:prompt "Машынка лалба 4.cpp"
         Машынка лалба 4.cpp
     1>c:\users\andrejka\documents\visual studio 2010\projects\піцерская лалба 4 вінапі\лалба 4 машынка\машынка лалба 4.cpp(100): warning C4244: 'argument' : conversion from 'double' to 'int', possible loss of data
       Link:
         C:\Program Files (x86)\Microsoft Visual Studio 10.0\VC\bin\link.exe /ERRORREPORT:PROMPT /OUT:"C:\Users\Andrejka\documents\visual studio 2010\Projects\Піцерская Лалба 4 вінапі\Debug\Лалба 4 Машынка.exe" /INCREMENTAL:NO /NOLOGO kernel32.lib user32.lib gdi32.lib winspool.lib comdlg32.lib advapi32.lib shell32.lib ole32.lib oleaut32.lib uuid.lib odbc32.lib odbccp32.lib /MANIFEST /ManifestFile:"Debug\Лалба 4 Машынка.exe.intermediate.manifest" /MANIFESTUAC:"level='asInvoker' uiAccess='false'" /DEBUG /PDB:"C:\Users\Andrejka\documents\visual studio 2010\Projects\Піцерская Лалба 4 вінапі\Debug\Лалба 4 Машынка.pdb" /SUBSYSTEM:WINDOWS /TLBID:1 /DYNAMICBASE /NXCOMPAT /IMPLIB:"C:\Users\Andrejka\documents\visual studio 2010\Projects\Піцерская Лалба 4 вінапі\Debug\Лалба 4 Машынка.lib" /MACHINE:X86 "Debug\Машынка лалба 4.obj"
     1>Машынка лалба 4.obj : warning LNK4075: ignoring '/EDITANDCONTINUE' due to '/INCREMENTAL:NO' specification
         Лалба 4 Машынка.vcxproj -> C:\Users\Andrejka\documents\visual studio 2010\Projects\Піцерская Лалба 4 вінапі\Debug\Лалба 4 Машынка.exe
       Manifest:
         C:\Program Files (x86)\Microsoft SDKs\Windows\v7.0A\bin\mt.exe /nologo /verbose /outputresource:"C:\Users\Andrejka\documents\visual studio 2010\Projects\Піцерская Лалба 4 вінапі\Debug\Лалба 4 Машынка.exe;#1" /manifest "Debug\Лалба 4 Машынка.exe.intermediate.manifest"
       FinalizeBuildStatus:
         Deleting file "Debug\Лалба 4 Машынка.unsuccessfulbuild".
         Touching "Debug\Лалба 4 Машынка.lastbuildstate".
     1>Done Building Project "C:\Users\Andrejka\documents\visual studio 2010\Projects\Піцерская Лалба 4 вінапі\Лалба 4 Машынка\Лалба 4 Машынка.vcxproj" (build target(s)).

Build succeeded.

Time Elapsed 00:00:05.30
