1011 3376
800 1676
457 531
315 845
317 637
459 1434
457 1560
299 892
348 435
270 272
1016 3411
918 2013
1132 2494
898 980
643 834
756 2451
870 2057
53 147
499 1571
677 733
458 538
736 1657
255 682
424 1145
46 139
839 1732
300 800
709 1620
410 1414
386 1207
394 1155
378 728
550 555
1213 2057
198 257
672 705
516 951
553 707
231 650
687 1807
466 672
395 1031
717 1477
914 979
376 517
297 534
58 115
482 735
862 2323
804 1161
731 2477
262 510
243 331
32 55
878 1061
307 1044
169 464
450 1138
475 937
1059 2268
530 1334
494 1350
648 837
854 1908
154 331
585 989
46 88
780 912
1064 2179
554 920
700 718
590 1926
424 868
742 1738
655 1268
1072 2355
434 1077
413 663
550 1923
500 1631
834 1144
486 497
605 1692
726 1286
378 1174
869 2845
135 202
485 959
408 1106
817 2326
347 965
487 1135
651 697
194 625
821 1787
978 1381
937 2051
564 1029
922 2413
110 295
195 284
961 2227
572 1237
711 1363
870 1597
611 946
980 2380
705 713
444 869
322 445
352 381
970 2385
1057 3410
581 627
983 1223
117 216
758 2010
254 867
163 508
957 1732
380 948
966 2471
100 115
682 967
475 910
641 785
897 1437
954 1713
387 855
390 1363
270 499
817 1977
436 846
612 1483
272 570
821 922
516 1704
466 1320
608 1697
472 873
783 1519
1115 2187
684 938
749 1031
524 577
537 1210
688 2295
372 1096
732 2274
540 712
616 641
804 1435
1004 1775
594 946
820 2423
724 2383
1117 3047
465 1275
511 944
608 1581
625 2113
885 1045
678 1847
468 1619
482 982
311 401
95 244
482 1016
317 560
261 741
841 1299
477 688
142 164
375 1274
621 2161
202 298
460 1347
651 1502
577 759
456 1153
1079 2057
1013 1228
377 1139
177 481
375 720
1014 1079
349 503
242 781
459 1310
521 1214
673 782
190 608
388 1037
203 266
419 426
395 446
993 3262
687 1249
508 561
89 219
469 1468
950 2588
517 884
738 1691
729 2033
882 2888
842 2819
729 1632
726 2474
632 1240
403 617
235 759
963 2309
1463 3606
807 2586
514 1195
969 2132
637 1649
567 1258
908 979
359 379
479 526
38 71
770 2652
762 1939
277 788
742 1204
505 1287
624 1709
255 602
259 677
124 151
423 569
779 1855
372 375
440 1005
594 1085
610 1810
408 517
491 1410
589 1319
662 1726
1225 2365
973 1018
849 1704
752 1621
259 906
375 687
435 1030
793 2576
518 861
365 438
592 859
216 747
325 505
302 508
1069 2296
792 1547
905 1073
1199 2501
830 2290
395 622
495 1594
129 363
337 506
1083 2530
615 1829
131 297
162 447
458 522
42 134
1203 3250
925 1905
691 1793
323 805
349 956
726 1544
562 1182
270 760
377 1190
155 465
662 1001
1028 3452
591 1407
805 954
998 2143
86 165
595 1450
1028 1347
711 763
865 2898
162 214
640 1027
1075 1241
733 2010
722 1557
1017 3035
560 872
560 933
77 95
