1413 12366
600 2479
1157 9194
215 1023
671 5047
1613 4029
1395 2446
1169 8331
1352 7152
2070 18607
746 2001
790 2802
1068 6755
598 3032
843 865
1156 7464
1270 6503
2053 11620
899 6299
933 4385
1944 9492
564 3714
255 811
588 3750
946 7506
2037 9048
1056 4819
709 4131
1010 2393
1410 11261
394 1368
278 2308
486 776
1513 3689
698 5046
1530 8001
1216 5896
653 1090
511 3349
1163 7390
666 5274
2095 3712
2017 6363
2414 7484
876 1331
651 5163
1642 3870
1882 6851
480 2877
1710 1852
231 1602
1554 4824
1743 3656
1302 2095
478 850
1245 6217
1159 3842
1650 7100
1975 16288
1659 6713
930 6312
1094 8221
952 1070
846 1679
2054 7807
785 5347
2198 19154
2380 5384
1862 8573
1446 9152
438 2189
576 2932
1280 10226
942 2719
1613 12055
1572 1649
1636 12308
655 1762
1450 12107
1902 5830
1852 6570
1586 13669
795 1359
1978 9233
1378 3973
1573 2577
333 2181
1885 2092
908 1795
1725 5171
1453 11526
1899 14023
2451 17368
294 622
769 925
222 1791
1737 3615
1428 2644
1922 4147
1198 3618
1805 2954
1041 3218
572 1412
1111 8662
2114 11748
811 6931
798 4194
605 3294
444 3344
442 2848
1938 4511
1570 7323
1517 5385
481 4005
1583 6940
1683 13137
842 5589
1554 10346
565 4795
1013 7395
738 1402
2384 15205
1114 7129
2882 19478
475 2755
541 1813
1109 6090
1326 10044
1193 9805
1410 11549
1370 7782
595 2556
848 1773
1088 1455
828 7372
1627 12344
516 2872
714 2482
1568 10964
272 512
1275 8969
1549 10611
784 4517
649 5029
400 1011
1181 6268
682 5033
1224 8675
2068 11425
1540 3122
1192 10369
1730 10006
1528 7552
1688 13218
680 2544
1544 1651
909 3210
1535 11300
1615 4232
808 6182
1925 17121
1569 10686
1768 6394
568 4819
1564 10059
1057 6967
1109 6344
2262 9568
305 1217
1589 8563
841 5976
677 732
1092 9111
2275 3308
2121 16774
982 2436
1060 8620
1721 2018
723 1763
550 3529
1679 5108
1453 12924
577 2101
77 370
2135 18301
870 3507
549 739
988 3804
2559 3813
1621 3878
1263 6759
352 1902
1470 4017
403 3077
2019 10481
1205 9051
737 5989
235 1031
2108 9798
1189 6163
1753 11881
1350 1629
1783 2010
688 4213
1771 6124
1682 2919
960 4134
2429 8272
858 2426
312 1584
803 6047
2165 11267
363 876
2663 7915
455 457
786 6432
631 3002
863 1912
633 5280
1792 14817
2537 4742
1155 4591
216 389
1372 2108
2160 4159
1455 5718
1442 12950
63 374
724 1031
993 4632
1359 1818
1548 4557
877 6003
937 4074
576 1985
2136 10857
840 2399
1260 10326
2408 8683
787 1801
1289 9851
662 3160
1125 5796
2237 7801
2149 4907
1852 8364
941 2735
1523 3846
1315 7404
1769 9499
182 1022
1107 3970
1220 1580
1114 6296
1075 2347
1026 9092
2011 5668
1584 2686
1857 2124
1097 3998
1930 5586
1329 2177
1085 8956
209 565
1337 4490
1383 3724
2019 12178
315 1082
272 2195
1532 6054
1582 9711
1097 4650
2125 3276
621 3663
337 2484
491 1833
526 2307
662 2049
970 1382
477 2657
407 2918
2742 22154
2312 4676
891 6099
1305 2114
798 5449
286 398
2005 2838
2756 15034
811 2074
1725 3566
1162 3169
1594 8401
1059 3584
1567 4077
1422 3259
1069 9296
456 3179
1460 5231
601 1611
1158 4405
1082 3573
784 5409
378 2598
990 3135
1419 4912
212 1220
1251 3255
993 6946
1115 3189
1685 10791
1526 6018
1402 7939
1711 2690
647 5448
2453 18768
592 1627
1850 7212
1572 6673
1627 5329
1171 4883
2000 2449
1405 9862
713 5430
1604 5035
1250 3338
926 3874
407 2124
431 1811
129 551
1612 12051
351 2483
1386 5903
249 2213
421 2582
1506 2211
1167 2821
1702 4808
1762 9958
506 2223
1024 6779
862 7580
1575 2223
769 1764
1080 4126
483 1795
1280 9881
3060 26476
349 813
1089 9050
663 1618
2464 3139
1231 1599
429 3309
1578 7166
1784 6543
2354 7440
644 1300
1543 7865
1703 5117
925 3454
1995 17633
1414 4468
515 2056
1659 3775
739 2077
537 2453
983 4198
828 2911
913 5570
1172 1723
714 5800
1142 3068
1389 6933
552 1893
957 4131
851 4415
582 715
873 6839
382 3142
1913 6138
2124 18528
1797 5701
539 1156
1014 6597
1219 5816
1147 2477
182 506
1645 13964
1645 14700
1050 6663
959 5482
743 5488
1337 3394
441 542
1896 10465
522 1544
1607 11099
1581 6081
438 660
671 6008
1229 10455
143 1014
709 5389
314 2589
1646 12435
788 6638
1441 12752
1283 10858
1111 4941
1489 8410
1296 3001
1076 9227
1064 8264
998 3651
1364 5794
1339 10525
1015 1512
1328 7374
1508 2801
2398 10187
746 3149
2120 17597
1359 6517
1121 6727
650 1830
1300 5550
138 556
2032 12920
843 3484
876 5983
646 1378
607 4593
635 1034
1979 17600
645 5055
846 6696
1109 4995
921 5670
1635 14172
1598 2521
1571 1961
2006 9109
1249 10279
512 2774
845 6202
1923 7842
1601 4353
980 6253
495 3131
471 2403
564 4476
614 762
350 2633
885 1984
1226 9171
1277 9934
1855 13814
1091 9179
1530 7102
1554 2341
1707 4467
1032 3606
700 6298
2637 10143
2035 11767
2443 15961
253 727
1563 7503
2101 16864
471 2865
1045 9348
363 990
2583 23067
858 3848
1411 8926
1138 5443
2499 5349
836 6142
1248 6757
1264 10563
600 5287
926 3094
1897 15221
1012 4482
417 3326
527 2661
1239 5927
1656 2899
728 1068
204 244
1418 11650
1610 3862
1557 12631
1007 6896
1168 4771
1394 4037
1503 4254
1675 14581
1167 4825
1299 4322
302 2466
1529 9132
1058 4791
1707 3181
1976 6403
597 3296
419 566
454 2081
972 6163
719 5656
1833 2463
1950 10597
949 7966
1719 4587
941 5867
2689 9119
1805 4202
931 2143
1405 1709
355 521
1236 1510
1668 2521
841 2029
850 7072
86 303
1606 2647
1147 2446
1903 5150
1156 8234
1056 1137
388 1716
1360 8105
811 856
437 2725
1646 3799
406 1537
482 2684
360 1399
700 4598
703 3214
1233 10020
1569 10396
542 2752
1174 7287
495 1907
1621 8368
2493 18391
1586 10150
849 4063
1423 5190
2320 6837
1909 2384
2155 6347
402 1882
2399 5225
1574 4273
305 1126
891 3712
1816 8436
815 6163
332 788
745 1626
1664 7462
1314 6085
2302 6733
1864 9933
366 2542
2650 20634
2451 5640
1667 6824
805 4690
609 3756
1399 11073
1427 8792
612 1088
1128 5283
1452 3558
1829 10630
1637 10805
1522 9934
1099 7367
1013 1735
919 4385
1479 9388
1301 5163
834 1971
139 685
1389 3106
1455 1723
424 3400
977 7524
766 964
593 3937
1238 10591
1463 10693
1323 4440
1195 6803
2292 20368
960 5180
1977 12398
641 711
1348 2220
1212 8620
2129 17341
572 982
1243 4653
1258 3334
2400 12946
1658 7239
2340 16241
818 3763
489 2978
268 909
1241 10696
1483 5324
1544 11844
2183 3857
1789 14236
1464 4800
343 2697
626 1888
2140 2595
1293 3133
2617 14452
490 2768
1419 7961
1233 1538
230 1646
656 3254
1570 3710
1435 9494
1745 6807
1143 7597
416 2937
263 455
2659 3225
1377 6743
1255 10888
1702 10063
1435 1957
1723 14928
839 7144
1467 7243
1079 2958
859 2376
99 383
1038 1145
972 3851
2098 11548
2411 18021
1623 10893
1313 3829
2488 17525
807 5954
147 219
906 4232
1622 9495
174 517
1489 10934
1781 6343
2056 16654
1584 2829
992 6614
1733 6335
1391 6927
1320 6465
1362 2972
1687 8757
1802 10005
1428 11315
1032 3580
1241 9805
1645 11142
1582 2003
1286 9277
2050 9948
374 907
1046 4468
174 1153
1371 11712
502 1254
1467 4632
1788 15295
2078 14952
225 1228
1421 7118
1952 2237
1191 2497
2271 12875
1060 8647
1095 5720
2345 4330
836 4881
1339 1729
876 6436
887 3660
1211 2417
847 1261
2296 7046
1902 14485
2259 15821
818 6074
515 1446
586 3856
530 1131
1006 6593
283 1119
1363 6893
672 4131
738 2998
1692 4035
924 4418
503 1024
1707 15234
1278 10039
1981 3557
577 5083
1753 5668
232 637
885 1594
984 7199
201 1262
1275 6711
168 269
2022 5654
1053 1132
484 3601
707 3338
1458 9388
2023 15606
938 4419
1867 13063
1551 13611
839 2933
783 2343
2271 15651
2220 3601
934 2329
2119 14132
1246 7204
343 1250
877 2727
2455 14646
897 2507
1331 2583
620 4034
1206 3873
2030 11786
761 2563
1742 15637
238 283
1439 1658
1071 3122
370 2939
910 8170
2332 4383
1172 1957
2020 7416
2010 11612
1388 8717
1276 5649
423 1762
1216 4660
255 480
702 5902
1728 11015
1080 7850
1966 3089
247 1790
1427 6487
1690 7285
1312 1363
1368 7004
541 1182
623 5276
1667 9312
677 4264
721 5240
880 3811
1872 13349
1630 7103
522 3370
1172 4970
183 727
437 3063
657 4673
1065 8054
1199 1794
566 4854
1110 6201
2344 12201
1057 8081
2156 17461
284 313
354 435
1722 14603
2382 3539
885 7204
2223 4975
1823 9168
1079 8621
725 1745
797 4048
203 274
1345 4000
845 4881
968 6548
974 2584
1067 9353
769 2580
2254 15857
462 2029
1387 2141
1951 7638
415 2514
1934 8933
798 4897
2049 15411
427 2422
1733 2094
1230 6753
1084 1790
993 5268
1100 2862
822 5869
346 2284
1982 7808
330 1442
710 5783
1653 4837
1436 4060
2607 4227
1769 4042
1500 4314
1522 7858
1343 1425
1411 9653
152 400
1952 4489
669 5764
1286 3600
389 1555
1733 4721
1397 11498
1449 7017
955 5657
1277 11338
1480 6450
360 676
749 5095
1742 8898
2134 12531
1511 10266
1350 10837
1999 8300
1244 10015
885 4329
724 1460
1413 1532
1470 3634
710 4486
1875 11101
1138 2361
666 1622
846 5529
755 6048
663 3172
537 4280
1568 4875
1111 9924
867 6968
751 6246
1506 9962
594 4986
967 2549
410 1016
501 4379
2100 3915
1509 12352
914 3474
860 3448
1747 5382
2254 11837
879 3515
912 2072
545 1288
1354 2962
1915 15247
1898 12925
898 6177
1065 4722
1354 5848
1634 10754
1198 8563
1015 1400
749 4988
388 2319
894 2758
986 1369
648 2195
2238 12509
137 801
1479 5579
803 2979
1599 1783
374 2546
1318 8125
588 2550
1209 2186
1480 5663
1811 4043
1032 8113
1671 6198
1323 10210
366 1300
2112 7416
1301 3866
1188 1510
1400 4932
1328 4122
1596 2746
183 641
763 3470
930 3014
603 3705
668 2800
431 1663
1732 12392
1266 1501
1405 3616
1416 3411
471 3536
272 1121
743 4897
1196 5939
1460 3587
521 4101
827 6520
438 1312
696 3119
2133 8810
2302 12715
1742 14934
796 5586
294 1503
558 4627
2715 11789
2002 2289
1166 8162
782 2132
1537 6708
819 1342
1548 9825
2235 12340
932 4571
1258 7892
1474 6318
1587 14078
1270 10563
493 804
801 1170
358 1010
1390 3565
1638 10064
1757 8483
637 4371
1538 4489
1371 6920
1657 2158
1841 4785
993 3083
638 2116
908 1857
2337 16121
1163 3014
357 416
1162 2729
1721 9885
1845 14593
509 783
670 4089
1060 6471
1405 4593
541 1906
1253 9876
1055 4727
1625 10083
1282 1587
1596 7832
966 5770
1576 6398
1553 8102
1171 6746
741 6572
648 1097
955 6919
1757 7754
1384 4024
969 7442
1108 5138
1276 1459
939 5195
2425 6862
352 2009
865 2575
2000 16341
1783 9723
329 1925
1900 12904
1541 6913
1431 2901
345 2133
741 4775
1347 10035
1132 3966
798 6079
424 3796
1688 9576
2546 5189
1212 9666
792 5155
642 4700
1604 13414
500 4422
1457 4528
1009 2579
1735 9360
697 4078
1222 3879
1521 2195
529 785
2592 19221
1020 6464
1867 10317
639 2853
377 968
220 1785
1295 9554
1010 1922
1062 2007
942 6945
1568 2072
631 5095
1158 6307
1168 7576
2567 20647
792 1008
1437 7352
1234 7743
2244 3854
1745 10869
255 1821
1457 8834
995 5055
1109 1458
851 6980
1095 2240
2479 7291
916 8190
1203 7824
2074 2545
1401 2394
1538 11827
1105 5226
299 582
1998 10213
1753 9767
928 1033
815 4899
219 1014
1330 11897
1063 1268
2718 8943
1593 12815
1305 5475
287 509
815 7275
2603 10942
1805 6329
459 3104
1950 3475
274 594
753 6423
1719 13109
1339 6864
1581 1891
1228 2420
650 967
926 2508
88 89
465 1023
478 849
522 2001
915 6628
1117 1180
504 3987
518 1525
2289 7050
1380 1553
842 1907
2038 7702
2233 7099
2292 6385
869 1935
236 1192
793 5278
1331 3532
370 1863
1230 9784
766 4288
201 324
893 4015
1013 1097
1496 9808
750 1328
1261 5507
1186 5643
820 6628
188 581
1229 10908
1691 14660
900 3237
710 2052
890 6393
1177 1943
1364 2982
1601 7345
1819 9398
1918 11580
1286 10509
391 622
226 400
1341 7563
1982 15104
1594 11926
1461 4350
1443 5069
1458 9720
1150 7651
690 5551
272 1977
1461 6605
1305 9804
327 1380
532 1206
834 7415
556 4494
374 1955
867 4465
828 3471
1373 10406
1972 10471
1650 14087
2192 2213
634 4675
1653 12237
606 700
513 3509
1077 7842
1637 3231
1233 6597
1830 5304
788 971
1761 9163
1058 8836
2135 18105
802 4510
127 518
1529 8090
475 1846
1613 3571
1018 1562
886 2553
1445 7230
1483 3535
576 3173
628 3534
1519 12343
923 1829
1750 9865
2936 16588
1087 9059
834 5946
281 1570
1296 4532
644 2970
698 2525
1718 4402
158 1130
1428 7007
1137 9761
865 5555
806 6399
1937 12348
696 4075
1060 9452
1240 7872
1402 4089
600 924
563 3195
1453 9914
585 1039
1604 13115
1248 5222
971 4377
879 3284
1073 3252
101 552
1733 15015
948 7768
1099 1931
1507 5689
1138 2663
1061 7181
2930 12256
2810 13727
1893 8829
997 2930
679 1957
826 2701
1384 8486
768 6737
2369 7593
613 2067
1619 10191
1438 3684
899 3956
1498 2217
1973 10095
357 1336
2129 4354
429 3103
979 7004
859 1234
192 934
1648 3340
1828 16052
1548 9922
984 5782
1299 11073
1616 5534
880 951
1690 14598
1339 3423
681 5101
457 1133
1509 11747
1121 9898
2190 5530
2214 14632
812 7075
1593 5773
948 4877
1491 4521
512 3574
1033 7492
269 490
824 6681
551 4314
451 468
2261 13171
1857 9837
1239 4212
556 2087
633 1768
1281 6127
917 918
1552 6230
637 732
885 5054
1310 3109
288 1459
283 1962
134 504
1098 6509
367 3181
1503 2334
1203 6939
1059 2930
1564 7563
705 2220
1551 10180
1219 2565
645 2153
1566 4751
1068 8036
1154 8460
736 3144
1385 1512
2025 10529
844 6114
2069 11462
1942 10162
1127 7515
543 1072
1963 10583
1180 6501
1650 3041
516 4328
561 2686
910 2705
1804 14446
834 6002
843 4191
726 5634
1600 11277
660 5047
1669 5890
1242 3703
1130 3473
1661 3175
1935 7226
752 1691
1319 5352
582 1700
322 2640
1059 1410
1069 6214
543 4664
775 3893
715 3394
537 3986
598 797
1073 6679
684 5883
1782 10328
1978 3137
1502 1519
1368 2571
1791 4057
349 2977
1203 7854
1361 1510
942 2416
1679 8845
635 2562
862 2486
743 1952
1213 9447
1694 3947
2280 2292
2040 5410
906 6514
1780 15605
989 3405
554 3987
1503 6506
1127 7456
596 2399
1003 3663
838 4691
2297 18440
1192 7062
1846 7722
43 233
1670 11216
2450 19906
558 1896
2178 10104
1852 7476
1142 2846
522 1764
963 2874
1329 3561
1047 9238
1231 10640
717 1769
824 6573
1323 8856
310 1627
527 4222
1513 9253
1402 3873
243 1629
1722 9286
1984 15217
1972 15680
674 1252
242 1752
2027 2098
960 6364
549 1992
765 1925
848 7115
471 3110
1471 5756
2083 4782
1371 6157
1517 6184
1678 11767
1256 10303
1546 12039
894 1306
841 2437
1184 3380
2052 7179
2538 4043
1678 4104
302 2485
157 1236
523 3923
2527 13696
961 6302
1209 6596
895 5781
1618 6085
2163 3152
2107 5359
1446 4887
912 2485
728 2602
1115 5879
2284 14476
606 3038
2396 13822
1282 10548
1182 8614
656 2565
952 1136
1374 3511
270 1309
836 6796
489 1293
1254 6082
1248 3479
1022 4764
1385 8817
2148 17218
1387 5073
1172 5941
895 3495
1513 10081
2141 15183
745 1581
1926 2212
1980 2684
643 3425
371 1350
1880 2724
515 4452
1757 7535
2475 12596
479 2507
824 963
1029 1087
341 3040
1494 7653
881 3178
1295 9118
2005 6138
176 648
394 2711
1674 11598
2325 16365
617 4237
1548 11529
587 4253
1712 9418
1030 8829
1520 12415
777 3019
1096 3813
921 5591
823 5178
1589 11283
269 336
934 4992
710 3619
1045 4726
1552 12301
1085 5632
808 4681
1303 5071
485 2264
1578 12607
421 2123
1895 8280
2093 12092
2416 2594
924 3711
887 4393
1257 3654
989 3181
661 4255
1816 5094
371 2184
571 2997
1850 15125
726 5643
1809 3804
388 3109
1287 8839
1748 10188
769 5156
1034 2556
859 2262
711 2168
555 4431
1197 2002
394 1985
307 1828
1366 7254
687 2512
1956 7158
1733 10227
625 1301
1445 9517
1692 1924
540 1905
1570 12171
603 760
693 2184
1447 8981
1543 10954
1610 14404
531 1420
1581 13947
1074 9473
1242 6445
1387 7413
891 7594
1572 7173
1444 11176
799 849
1758 14330
1036 7844
1048 9383
315 856
1554 12955
1310 11560
978 3097
1266 11067
2056 7835
1515 5195
1738 5106
1146 2552
1001 4419
1825 1898
575 3473
1588 4931
285 936
627 1773
897 2909
1059 1269
444 1864
424 1795
998 8401
683 5599
1990 10846
1039 2207
815 3650
1896 8210
408 942
589 753
771 2974
1075 1894
650 1335
1715 6685
807 5025
1502 13079
889 5353
1786 15813
1506 5427
324 2009
1519 7691
1955 17125
544 2925
779 4455
374 2992
1737 4905
1194 9123
1030 1036
440 3885
1144 7987
2272 9548
1385 6691
2309 10617
1286 10838
1326 4099
850 7415
1119 4408
909 7622
1116 6069
876 1282
1982 11975
1057 1513
655 3437
584 1951
2083 11577
525 1166
1680 15058
1302 2119
574 4690
1724 8173
2368 14104
1785 2847
1002 6818
2673 13401
1012 6270
1420 11503
1210 1456
770 1400
925 7457
1918 6282
1307 5229
1762 11340
455 4087
1391 6999
1730 2367
617 2680
1837 7142
1072 1314
2119 17485
2053 3462
1033 7930
1017 5538
465 3474
817 6132
1676 9223
1022 8813
2013 3852
56 344
624 4300
2619 14732
2037 14447
633 2037
506 4297
1461 12098
2255 8844
1072 8989
1913 11864
540 3239
1574 4129
274 478
393 1887
1622 5326
733 1660
822 6733
2216 18208
1676 9654
1243 3643
624 1873
1516 1885
715 3157
1607 13556
423 2776
1281 7110
1942 2040
358 2432
755 1176
1325 2580
1781 9340
1066 2411
1285 11550
1180 5900
1042 8129
680 3957
1063 1542
1088 6608
1468 8250
2530 11583
431 1314
797 2776
326 2159
1728 6374
1522 2663
514 4115
1114 1379
1332 1468
180 602
785 6753
744 813
943 4450
1641 7337
1232 8783
1444 4687
1298 5038
1281 6602
1241 10508
2047 15506
307 1683
403 3162
447 1831
997 7949
345 1417
1375 3184
865 2491
571 2324
2027 14225
260 1866
2010 16007
1360 7165
828 5088
1529 6585
430 1090
1722 8338
2086 3242
1515 12927
1659 6787
2236 7168
1567 13264
2250 16599
1016 8825
1094 5357
1988 9332
1662 13187
404 2266
684 4840
862 6376
570 2397
2160 6954
1256 1964
1198 5720
2537 21857
206 451
1376 7657
642 1780
2313 13063
1610 8088
78 296
302 1452
444 3747
754 5161
2169 6671
1008 2359
1304 10007
1794 3679
1100 4881
1693 13108
1990 6880
1832 10689
919 4547
1040 7859
1315 10339
1383 8935
1736 13804
978 5267
253 2087
1645 5872
898 3245
602 954
1719 12524
2886 6237
661 4682
1180 2038
48 293
2139 6847
920 970
1949 16052
1378 4489
528 3198
1315 7612
1648 12666
1680 9455
977 8743
2462 12331
356 981
1343 1973
869 2880
1015 6452
1134 8858
1474 9485
1309 9388
1966 10120
709 1087
444 942
1754 9182
904 3021
204 1780
1314 10681
232 1387
1583 12829
960 2158
993 3884
1083 1900
1647 2931
1076 1158
1036 4448
2206 10175
1015 1940
214 1617
349 1840
1382 7653
859 5426
1169 4533
1634 13928
1350 10805
2317 3254
764 1687
384 2988
513 2288
1171 7215
611 2659
898 6363
403 755
905 2814
2581 21288
1003 6573
1492 7122
588 5274
1258 7281
2063 14116
1849 10331
216 1854
1300 2318
1383 3972
1375 3687
1371 2882
1203 4748
196 1597
1712 10767
1892 4135
2000 7658
1490 5506
1266 1545
966 1687
1132 3783
1055 9327
188 418
1062 4447
1103 3218
2323 17562
989 2307
576 2303
990 7585
1322 8746
550 3880
1381 6893
762 6517
1051 6954
1193 7443
1212 2531
793 5076
1163 9459
958 1400
1120 5454
1260 2071
1218 7643
383 623
1013 3530
2198 8228
571 4909
537 1979
1032 6662
2436 4901
1044 5967
1007 3673
1134 1685
1677 9162
1667 12487
1073 9229
478 2149
2145 6122
1563 8845
935 1084
515 2651
1118 1274
473 2309
2074 18605
475 614
408 1554
383 827
810 4380
386 1064
2063 7464
1516 6892
673 4227
1013 3531
782 1357
1037 6483
889 6324
1060 2059
1192 10519
1828 13758
2933 5430
478 4225
2499 7645
1411 2966
563 3334
1193 1908
1284 6874
319 2757
1011 4055
1651 3405
828 6547
1883 8882
2518 3764
754 3785
754 2799
726 4153
1210 3232
1448 8705
985 1396
874 1117
645 1134
597 1866
358 1192
1987 14516
2010 5729
1261 6802
1766 5665
2657 8996
827 2408
1141 9250
1731 10637
902 6755
1117 6358
682 4942
1970 3397
2836 20297
1126 1836
1174 2389
334 380
1310 7222
981 6120
573 4894
2240 9920
593 768
1775 11853
1301 3686
171 1233
1044 4688
1509 2929
909 2759
388 1766
1424 4726
948 1580
1016 3028
423 2168
1779 13042
620 4890
126 886
337 1813
1008 6022
419 1723
1026 5863
359 1076
1256 10737
827 1532
1313 2831
495 1721
1005 2291
794 1791
1108 5931
1520 7095
1406 5444
609 1490
1808 6197
1239 5877
136 930
878 1212
1284 8754
1146 3346
364 2598
1733 13884
825 5547
670 4957
414 1727
1090 7462
1565 4860
2308 7701
1048 3251
1478 2021
991 5172
699 3473
808 7087
1129 9588
599 1483
964 1242
454 1435
1343 8365
1625 6109
538 2579
1342 9996
818 4085
868 1745
2091 18053
2391 7274
938 6761
1265 1514
1300 10321
1414 7593
100 537
331 1397
477 1368
979 5496
278 571
114 635
965 7795
453 2275
1206 7960
1376 7425
984 3857
1687 10501
168 186
2218 16997
593 2348
692 6193
548 3188
1518 12404
420 2015
1144 4496
1665 7696
1312 3961
1315 6412
1710 14090
944 2160
1493 2267
1629 10361
716 1476
1738 4254
704 2305
1586 6058
1486 11021
1161 2564
1469 5234
1375 5490
1746 1955
1783 14201
1598 2732
2151 16294
2372 5355
594 1011
785 4353
2478 6374
1175 3254
908 3899
732 754
1161 1944
1047 5111
1078 1586
940 953
1805 15109
1810 3976
713 2323
1561 9525
1235 9761
1057 1251
1464 4785
1380 8690
700 4986
689 1049
556 4920
1881 10977
811 6609
1309 2877
1896 13680
980 8647
1255 1306
917 4874
834 2667
1001 2597
715 5234
1623 3240
1673 2578
200 1518
976 7378
978 2982
1803 4628
258 2198
88 267
1256 4150
729 4354
1332 6263
1068 7328
1149 5022
2118 11299
1729 10505
1358 5381
1077 8856
1594 8798
609 3810
1719 4305
1777 7072
383 740
156 416
1232 1926
1423 1993
462 1551
1607 11961
832 5106
803 6560
200 345
1360 2162
684 4282
977 5470
1844 10414
925 2238
1023 2329
674 2878
902 4035
245 434
203 1167
922 6131
804 4318
2278 3049
284 947
847 5548
1907 4397
1034 8547
1709 2839
1319 7388
506 1015
263 614
1243 9453
2042 17527
16 29
1296 3904
550 3774
1846 4078
759 1884
1662 8641
745 3347
91 768
1684 6266
1833 1953
220 473
1491 9505
788 3130
2094 7987
1014 5835
842 942
599 1201
718 4523
875 4817
1081 6931
1405 4494
676 5711
1665 8514
1037 3226
499 1652
1418 9882
1275 7834
804 2979
2446 21696
1519 6983
908 7303
561 3035
2588 9278
1611 5010
1126 1733
998 3831
1443 1960
591 2510
324 2103
694 4120
1978 3472
1545 9869
1280 1669
774 4058
1853 2547
1086 5408
1791 13744
1041 2747
876 3527
493 873
1026 1485
1264 4799
430 1664
1844 9938
1467 5277
879 5878
725 882
350 1471
237 1452
180 1540
788 3496
783 5587
1624 8334
1660 11316
499 2917
1176 9079
482 2962
3104 27501
70 597
853 1568
846 958
1052 2861
286 1241
932 1452
1267 3609
2786 11959
1461 11805
1907 11489
562 2255
406 2249
844 6785
631 4155
1251 4768
1337 3309
549 3673
1130 3045
608 2181
1495 10076
2291 19757
803 6533
1110 5141
1570 12949
1664 3039
1064 7128
1608 9429
1485 2767
838 1826
602 2978
933 7805
700 2702
1598 12374
1188 8920
792 6051
1749 13270
1707 4895
1850 13444
854 4929
1096 2173
352 2857
2926 18648
2007 4179
1017 3705
900 7447
192 382
1194 1748
1642 7592
614 4317
669 5303
436 3875
905 5851
52 340
1881 4336
690 5352
698 4747
36 198
1855 5311
1020 5256
1711 8784
834 6958
1316 2876
167 552
469 4028
1746 12803
1269 5520
738 5339
334 383
1413 7196
585 2167
1946 4463
1594 3617
703 5853
141 959
1053 8216
621 3560
740 4831
1523 7651
786 5356
266 1276
914 1407
234 319
1479 11820
210 1598
475 1341
2672 13548
1571 11728
875 6024
2070 7650
982 3164
1554 13019
178 463
769 1796
570 607
1218 6237
1219 1261
264 1463
287 384
1811 6710
421 1139
1572 7682
1417 4985
830 2340
1843 4935
1370 9300
2967 3044
1352 6455
601 4296
908 5857
594 4111
591 1505
1376 3752
1129 1951
1784 2143
1738 13394
2123 13561
1622 11203
2184 14546
1411 6512
324 2808
237 1184
1968 4787
1113 10012
1348 11538
844 4217
2161 3347
1091 5452
708 5537
704 2722
525 1609
526 1447
808 5899
230 1597
997 1184
2439 9133
423 3260
1459 7858
1500 11031
1845 9958
1268 7362
1521 3619
976 7421
704 2031
312 1949
759 6633
1423 11122
917 5485
553 2730
2161 13395
398 3282
1217 9591
664 4852
272 395
471 1148
2076 8547
650 5232
1679 14108
930 1648
935 941
551 2385
1979 12130
774 5389
2445 15023
584 1995
1003 4938
284 2554
813 6457
2106 3486
1249 2619
989 6956
501 826
524 1077
1511 8653
930 7439
1843 10053
472 606
2063 11447
1826 12506
1219 3910
1477 5643
2189 5635
1223 5912
393 2932
2027 7501
979 6178
617 5385
1084 1643
1890 14135
1014 4523
937 3066
906 7008
2107 11592
479 508
1127 6912
566 2431
1837 15604
1793 2834
741 4521
2153 17325
347 1766
1783 15297
414 1590
1400 3220
985 5847
1458 7270
1074 5999
773 922
2673 10638
1465 3146
1446 11979
597 5225
406 2047
684 2169
1631 1764
1471 9341
1379 6214
1943 7488
363 2768
455 2730
2357 12908
2024 6751
1780 1964
308 1232
326 722
346 2989
111 583
1750 7394
1043 3995
1173 5296
1122 6473
1321 5547
1001 3208
1418 12137
473 2820
561 4627
2147 2819
1318 7060
776 5106
1605 5537
1292 4233
861 6712
662 4346
2320 9398
1171 10460
1258 3243
900 5124
1288 4036
1117 1394
998 1100
495 1251
1056 5282
1965 6367
542 4051
1404 5810
983 1860
1561 6264
1757 6771
747 4973
551 1735
1543 6531
732 1619
986 2002
939 7038
129 1031
2073 4381
1047 6231
452 1274
2222 8654
1282 9135
2774 5236
1054 9422
375 2425
257 647
1043 8251
2136 16346
880 3476
952 1254
1184 4796
2350 8415
1785 9098
1638 4603
959 1281
314 1739
977 7744
1363 11308
1023 7012
649 3954
827 2224
204 1378
677 1367
774 1671
1344 11681
2042 7470
915 3693
1203 7670
956 3461
707 6170
1149 2769
162 1226
2101 2945
418 3431
500 1371
1174 3347
965 7537
1312 6840
956 3204
1058 4132
1496 8123
729 5447
3039 22390
14 56
1393 12353
1344 5717
1733 11789
438 921
490 3167
775 3433
1620 13641
591 5070
1160 2452
515 770
837 6574
865 2653
1973 14588
1455 11051
651 2253
136 803
1919 12364
1269 4866
674 4004
1778 2790
1682 10628
924 1587
1453 11572
1388 7381
658 1628
980 3696
781 1347
1048 7081
1442 6005
757 3352
1343 5512
822 3480
1048 1879
980 2506
1813 10667
708 3134
558 4719
2358 16153
2388 14891
1430 11271
2114 8780
1089 7691
1533 5040
266 1301
1045 3250
113 229
848 6388
897 4437
606 1605
659 3195
103 256
1631 9046
1773 2353
665 5625
1656 4937
462 1626
1767 11126
1766 10147
1227 5805
1112 5205
2532 3010
622 3416
221 910
2096 5946
369 1061
1306 10283
1031 4977
937 8092
1297 3568
236 2024
1613 5144
581 1319
865 6797
285 2390
1550 1603
913 6435
1711 4343
1205 10509
1810 10722
1426 2411
520 3345
1086 8315
449 1923
822 4769
680 892
1110 1338
530 4647
597 2702
82 246
1443 7316
1811 12425
606 1177
824 3957
2042 7197
737 5379
1476 2334
291 2053
1313 10988
480 3459
516 2110
1211 8611
678 2280
1748 2792
1501 9107
1800 11575
700 5675
846 3445
1238 9038
991 6207
1073 8682
365 1600
1067 6100
961 7642
1988 16314
1564 3039
761 1482
885 7937
369 2500
966 3157
1326 2350
327 1977
1249 6854
743 825
1169 4533
1167 8904
636 1636
623 1857
1708 9572
1206 4054
567 2557
722 6431
707 2659
1498 2298
1144 5300
132 396
918 7175
491 2042
2177 3393
995 5263
1070 1579
957 2698
1179 1251
1088 7013
1402 3808
891 1840
1322 1896
1939 16574
160 486
3140 8215
710 5315
1019 7488
329 2402
646 1019
205 1153
547 3603
1787 9016
902 7787
1375 2258
617 2055
1545 12777
1058 7702
711 1008
1298 10052
1086 9216
1320 9836
80 481
1248 8699
656 3351
512 1373
395 1036
2018 17985
1557 7229
1360 3533
562 2010
1584 5344
1344 3714
1700 7802
1684 5151
1640 6277
1037 7543
1217 1768
1571 11090
2063 5000
1014 9020
447 3683
1264 1859
429 2745
649 2618
909 1516
1059 6982
1223 2752
536 4561
451 592
1452 7036
1259 10038
1514 3312
978 7899
917 3348
630 2828
1140 5436
1103 6577
1321 2732
486 1807
662 3285
1286 3340
1167 4671
950 8061
977 7584
778 5981
775 1189
1349 3024
1786 3154
352 2076
384 2835
1571 13045
499 1154
2602 15199
528 2377
1067 9590
1081 1125
931 1283
750 1938
277 2277
644 2841
650 1243
1927 13128
1673 3312
516 1448
1063 6148
621 5307
1635 12046
1533 5045
258 984
2057 3172
193 887
834 4710
754 2312
1401 2390
470 1232
1282 3015
1162 10420
876 5665
608 1080
2851 7921
572 4957
806 3990
780 6993
735 1797
1005 5774
630 1193
1117 1610
1919 6447
555 4762
800 7079
638 5041
757 4078
2388 8292
2020 3975
326 2866
977 3937
1393 4343
1762 12270
608 4659
1362 7509
336 1539
1629 12749
617 878
107 215
825 5296
1526 12281
1035 6898
1709 8963
1692 5512
1053 4864
436 2963
464 3001
558 1919
40 204
499 3683
764 3890
2029 15901
507 1153
1376 4196
749 1229
809 4484
2043 9617
1040 9272
1810 6290
1391 10279
1444 3935
2439 8384
784 4467
1714 12925
23 139
1728 14095
1300 3376
516 1404
1310 2140
1639 12005
1140 6201
1747 9721
1569 10756
407 1425
722 5305
519 3780
1417 2309
592 1962
879 3787
769 4332
1472 3455
2985 22417
390 2726
1218 10777
759 2170
325 876
2075 14757
1894 14861
406 2357
217 281
305 2636
1057 2714
1652 6767
469 1482
1112 5052
2496 6619
1222 8882
1015 8137
1121 7913
1485 2901
500 2955
863 6509
1664 3830
503 1542
72 485
1211 1424
1116 4338
864 3395
792 4016
2075 8096
866 3494
1687 10429
1124 8303
918 4543
205 375
678 2167
1710 11555
367 555
1348 9576
717 3904
1524 6117
524 4593
1412 10728
1249 3937
683 2132
882 1694
1458 9603
1851 11480
1088 3908
1296 8839
1096 3849
2055 15782
1777 15168
1116 2629
792 1639
2046 6046
252 1030
999 1612
723 1104
660 1466
313 1389
1232 9691
1096 5803
1286 1589
215 615
948 5703
463 2884
1222 9327
1784 2334
1115 2986
885 7907
907 3621
1348 6768
1276 4726
1796 12092
1067 2200
1925 11270
736 4071
1352 11650
2460 5096
865 6459
766 2651
442 1739
524 798
1168 7508
609 3468
1186 6881
3049 21675
2125 12614
719 4863
1457 8580
1467 10274
1368 10468
670 5175
838 5244
795 3156
2592 13425
218 1216
2141 6918
1037 1937
2013 13034
827 988
1128 7539
1131 6948
1158 1834
811 3758
959 4932
2572 8120
749 1352
1387 6245
1187 1527
225 279
2116 16733
390 933
938 4152
1637 6630
1089 9582
1027 5401
640 4497
698 5894
1633 2691
2292 15885
464 1753
197 1288
249 674
1481 8279
1181 9064
1500 9346
181 701
985 8752
2895 11776
1122 9363
1492 4174
2039 6520
1394 1890
2671 3025
1670 3775
950 5868
1311 6843
1490 7576
581 4132
1446 7349
659 2405
1194 8143
306 2640
430 641
227 904
2021 17240
348 1537
984 6550
1043 1449
1633 6229
1807 12233
1250 5170
1915 11650
259 670
1135 10088
783 5119
2550 13785
1333 7522
1585 8928
1188 3955
817 5388
936 3388
1143 9060
1017 2604
732 1741
823 5907
836 1454
1035 4710
2015 6325
1169 9666
1682 9056
372 1682
957 5913
1323 9354
1352 9269
1467 10937
684 2271
1544 5708
2609 4900
944 6817
1304 4952
1002 7742
553 1170
1749 1826
1029 2537
1758 3493
474 2796
2058 4996
1337 5325
513 1409
1814 8511
1224 9678
1695 8744
1423 11207
1667 6098
2050 9295
913 3407
1603 2994
886 2095
936 3085
842 1631
1657 5815
849 6564
2026 5603
215 540
2232 11611
1187 2332
2061 6184
1760 7171
545 1242
1830 6047
1715 5711
878 3146
526 2176
940 977
1657 5989
1278 2976
1236 2055
852 6989
445 533
894 6615
1881 10440
647 4286
1092 2046
1556 4124
927 5909
1727 4955
1601 13914
849 4673
1406 7168
1110 8540
251 1923
2569 15938
1582 4849
956 6384
1680 7399
390 2587
2387 13239
301 633
1391 5420
111 872
1365 4182
620 5039
632 2666
544 2474
1438 8182
1164 3114
1058 2395
2588 16055
1240 7823
747 5304
484 1298
1679 7880
437 3245
1435 11969
761 3023
1697 7417
975 8661
2004 7591
441 1052
2041 16910
251 1969
1988 3594
2424 19969
1342 3594
1294 5046
619 980
528 2639
1546 3251
1717 6230
1155 5583
1475 9540
1174 2898
2013 15955
772 1510
974 6204
782 2174
1560 8876
1113 9099
483 2853
620 1193
1950 16814
826 6124
1318 6089
1210 2659
993 1488
722 2302
1331 4839
1238 9271
1044 7599
353 949
1088 3719
2216 11702
1858 12083
1281 4044
1363 9408
412 534
1326 5979
1612 8440
1035 6534
1392 11867
659 5305
1602 7875
618 2167
1266 8278
2267 12160
669 2128
146 1069
1558 7680
964 5069
787 2064
1306 7963
1023 3640
1667 8915
381 2853
581 2350
804 1033
1059 8922
1372 3102
394 1794
1250 3989
1178 5011
280 2467
1645 13220
471 652
2059 16982
1780 6496
673 1441
260 603
1684 9866
2167 6335
1623 1652
1151 9680
1863 4945
1158 3237
1024 3127
757 1729
1216 2152
821 5005
1258 6754
898 8076
995 3107
1219 4917
1582 12860
528 3261
1929 9949
554 2535
469 3229
244 1323
1214 10051
1638 10363
998 6178
1388 4927
528 2627
1107 7184
2074 5280
2357 5038
2010 12274
2050 4007
1386 3769
2276 18495
1247 2067
599 2945
1366 3881
599 4869
378 1309
687 5976
2056 17896
689 3687
491 1259
1808 5798
364 519
1974 10757
1679 3414
3061 6447
497 2755
2939 9953
1006 6200
517 2073
1182 6400
916 3760
2449 9189
1019 3506
1784 4683
1418 11367
215 1255
1008 5079
1827 5775
272 2222
1646 6037
1005 6754
1165 3764
1033 1624
1149 7121
930 7428
1157 9595
289 705
1454 3099
203 867
1091 4698
1395 5636
1743 13001
778 2162
1653 3432
1124 7567
319 1909
1270 1337
1304 10603
1388 12206
992 4967
347 2299
1156 4683
570 3606
1882 11635
907 5549
153 990
755 5584
553 3607
700 4877
1943 10673
1178 9771
180 301
384 1052
688 3707
731 3274
694 3972
588 3260
1760 10972
810 1481
1316 3197
272 756
1559 13221
1001 8213
804 2575
1752 12717
1172 1200
1410 3402
2341 10375
1240 10084
832 2077
1586 8337
133 765
1136 3385
558 1498
1327 2519
2554 21776
1698 3309
883 6773
958 5581
2190 9586
987 2060
305 2449
1474 3726
58 255
873 1350
1926 7894
2196 12601
242 2009
977 8126
1437 2280
442 912
1483 3847
2103 9868
439 2556
1012 5861
1250 6202
2048 8235
723 3877
890 4815
403 3215
1336 5975
835 1932
1136 9096
502 4349
1073 9272
2049 8601
1320 9271
743 1022
2039 18090
1829 16390
1672 8615
1628 10720
1873 10353
294 1465
965 5531
488 3368
1338 1932
1313 8148
567 4456
1219 3483
1788 8306
1135 4995
186 700
1016 7828
1183 7176
730 5658
1473 4514
1382 2059
734 1706
1756 8872
1394 11856
1901 4156
783 3181
2344 20838
59 392
1181 2064
1759 2999
1144 8374
207 1391
447 3902
827 6435
778 1201
409 1155
1556 4691
406 406
719 1079
1331 9136
530 1464
1919 7883
2002 4529
911 1624
1737 14381
1255 5230
2664 10970
855 7571
1633 2160
623 4499
242 820
1216 4648
1260 2764
1283 3566
717 833
950 3180
831 4810
1507 9718
1143 5528
1036 7288
1812 4265
1009 7349
1067 3748
1456 5992
790 4685
416 3264
1125 7555
1439 7836
349 2173
1373 10144
1089 3988
1343 8108
1427 10414
2112 7058
1665 11092
522 4241
1157 7109
1532 8976
1831 4991
1189 9417
1378 9364
1229 9483
820 7217
1412 8411
2736 8319
736 5429
577 4157
1058 1355
896 2616
762 3419
1541 8503
1041 3226
662 4984
1570 3915
1889 16671
1366 9762
812 5940
1297 7015
1061 5959
1792 13227
260 1955
1626 4018
540 4297
1742 12630
1929 13280
649 5312
979 3073
692 5343
951 8515
474 3750
1931 2620
768 3947
1522 2649
1422 1935
189 749
1218 2455
877 7374
973 5047
228 250
1065 4775
1824 2960
1683 8917
552 3452
2677 15712
1033 6748
1360 1475
1995 10752
408 1488
1141 4612
1352 6102
1570 5814
1463 7383
1469 8668
1200 1485
671 1024
224 994
1675 13211
226 810
2543 5929
1420 10167
940 7543
1254 1862
2120 11525
3033 24452
1300 7820
271 1865
1305 5221
1599 8571
1810 4908
815 4739
1887 5185
1558 11976
187 1276
1460 11104
810 2235
1751 8189
2831 20291
1098 2816
224 1201
1326 11776
540 1997
165 492
2178 2408
1039 3384
707 1990
771 6443
469 553
885 2690
380 3093
665 4325
1336 6558
1136 7655
420 1324
797 6852
1427 4653
982 4908
492 3593
798 3659
2564 4656
1841 7117
400 972
843 893
1330 1728
1327 7054
1682 8270
663 4089
866 1205
1368 11891
663 5400
1384 8666
2279 15645
433 466
597 2559
547 647
724 3466
817 4431
1768 3890
487 4153
1299 3866
237 1464
709 5948
761 5404
952 2989
802 1982
1037 9200
1379 9583
1345 6023
1285 8753
1861 12448
96 392
930 8204
681 5880
675 3038
1024 7007
509 559
1069 4713
496 3057
933 7186
458 1103
1709 10351
1568 8349
1093 1141
949 1838
238 1778
1302 6872
713 5619
1652 3622
469 2608
508 757
1839 15128
652 3847
1444 9155
532 2179
2109 16820
2803 24800
2137 2501
1131 3825
1391 1481
2069 8102
1423 6297
814 1956
1227 6281
1918 8423
704 1334
1145 10052
1034 2651
832 4038
1175 9034
452 2327
469 571
662 1532
1912 14641
521 1024
721 4996
687 5458
772 1276
1973 3861
537 1555
1018 3986
458 939
1769 11038
1722 14720
75 293
265 282
1084 7093
1611 14270
870 4743
1242 4538
1564 9520
413 1540
2020 11874
1569 10619
1002 5222
1147 7215
2081 8614
308 2262
234 989
880 7272
993 1049
1759 3261
1179 1694
907 3646
1130 2443
1061 4196
298 1029
623 4536
2048 17061
1247 4745
887 5438
1169 3556
723 4106
1433 9566
1102 8042
598 668
1443 12250
1817 13002
1833 2456
967 2753
2038 13370
1733 3538
1538 5796
1544 11400
1495 7805
1251 8503
1476 11707
2033 11058
1302 9421
862 3422
819 3201
734 3401
788 1145
1221 5804
891 5707
1732 2755
393 2971
535 4600
1561 5851
1277 2974
1749 10823
1233 5187
1520 9203
923 1694
717 3842
1980 13451
527 4174
1104 2272
2241 10891
1289 10480
617 3846
853 1515
728 3592
211 342
1301 2113
1357 5053
2046 3972
2205 6086
1787 15687
1378 7112
948 5200
1276 5833
1049 2266
1565 7977
348 708
568 3371
688 5310
669 783
1182 7200
1183 7293
178 1562
186 481
2444 8909
1678 9615
1626 8067
1039 6889
1034 2721
527 1792
1236 6769
554 2575
313 2533
1816 4617
44 352
1191 1795
881 7608
1435 10742
210 1125
1208 7150
998 5190
1435 9343
861 2034
541 3975
1070 8682
1763 8144
1065 3541
2085 15225
647 1836
1174 6817
485 4303
1072 8962
1242 1431
527 1903
612 4777
2337 18817
1165 3793
700 5108
1520 5343
469 752
388 3170
623 1312
2199 4871
3190 11315
541 2804
654 3029
641 5225
1378 12266
1576 12244
505 3844
1314 2768
2444 4294
1438 2210
1487 4846
1297 5610
1003 5488
864 6562
589 4560
1465 8354
438 735
1329 10239
1475 10592
646 4928
193 597
1637 4169
1329 2061
2132 11360
1628 13997
1890 10165
1292 4747
305 1724
1160 7743
1060 6707
1112 9730
1137 4001
1143 1637
1641 7731
338 710
420 2077
1331 7281
962 7216
1927 12823
1383 6158
640 1551
871 4668
1897 2927
1108 8960
1121 9735
1357 1483
1664 10506
655 3758
1245 4664
2023 17566
947 8451
1700 7105
1204 3276
852 4780
106 584
1718 5254
186 340
548 904
1981 16775
465 3272
2264 18267
1420 3514
215 1705
903 5408
1948 4211
1820 4906
483 2490
961 7360
487 4353
346 2955
130 618
1286 9934
852 6191
511 1383
1642 7785
1422 7253
387 452
1377 11855
1730 9201
1133 4248
990 6258
1159 3953
1038 6031
1871 16079
1305 10875
168 1474
2021 9965
2085 3510
1615 8535
1079 8204
1666 4140
380 3094
963 4876
742 4453
507 1987
1795 9593
434 3083
1139 8582
1856 2143
1244 9211
637 4277
1081 4066
1318 8799
1708 7175
1180 1621
1576 13821
1951 8440
824 4475
645 5283
961 4131
1607 5185
945 4180
1437 1516
650 2581
1621 4720
518 1756
316 868
547 2308
1257 3187
2408 15500
690 5888
324 961
1640 8880
1392 7195
1615 1838
1528 10666
1514 8737
2326 13428
1497 2922
1437 4560
983 8393
1915 10929
1084 3209
1193 10327
1746 3688
172 1286
753 3234
2084 16088
712 1318
1929 7191
458 3922
236 409
993 4038
1141 10252
710 3214
1347 5776
694 5973
2075 2603
1069 1239
1350 4665
705 3673
1011 2746
1685 7542
928 6135
963 8375
1537 2738
1392 6124
844 3822
2051 2330
970 4797
209 1746
930 1620
661 2101
1219 9013
1502 9872
1131 4992
1406 2457
647 1643
561 3787
227 1598
506 519
777 2079
1313 11120
276 432
1842 4337
1429 2855
1869 6006
1415 2763
364 1971
1579 11511
721 2480
1049 6737
1291 4346
953 4915
699 4633
474 3410
1050 7581
1506 10129
2008 2306
668 888
2832 25304
654 3664
1898 7953
1486 10509
1105 6161
1501 2757
345 1526
1324 10864
2105 4423
1012 8780
1527 7403
1676 4357
1063 4182
1592 5789
1272 3856
1827 2848
1635 11185
1694 2043
860 6754
193 835
1861 16063
1405 6727
859 1154
1040 1994
1806 8648
472 1930
1842 4201
546 714
622 3399
1847 13447
1547 3285
1254 2558
486 3215
942 6910
995 2847
178 421
815 2338
1603 9381
2571 5441
1471 2324
502 828
889 5691
522 2684
1164 1677
1621 2188
1130 7397
1510 13042
1576 12954
1121 8006
395 1924
1322 8785
382 2649
1504 9737
2125 11464
1468 12835
1070 5904
2443 5869
1323 1329
2044 4201
567 2952
1190 6424
562 636
539 2161
1703 3674
830 3989
1042 3993
1616 12379
331 1553
787 2700
1447 4077
1489 10078
1627 4121
944 2901
1351 11343
522 2747
2374 11986
644 4135
1111 2437
652 5295
994 5398
1732 3935
1148 5654
1365 9789
1043 2556
573 771
266 1999
1278 5777
1383 9832
94 226
540 4771
827 1877
411 1794
843 3941
2364 13497
452 2595
1998 6597
177 975
294 1461
1911 11130
644 1165
1355 4683
719 6171
394 2197
786 1274
480 1469
1552 2225
1300 5530
1807 4005
396 1406
868 6159
1577 4616
743 2978
1107 9134
661 3596
1270 5405
1684 12496
282 1865
1069 8578
1040 4038
764 6053
1562 4794
194 1184
464 2064
800 4413
1335 2551
494 2276
1479 2800
1575 5743
1371 2979
1642 9517
1902 8875
492 2704
283 1639
548 2452
1081 1915
2047 2984
1701 12085
1068 7424
1664 1671
556 3647
1638 6400
1452 5273
127 889
590 3596
420 1055
1335 6471
261 1584
1190 8561
1021 6628
995 2460
882 6978
1006 2138
1151 5484
309 1326
481 4081
1388 7121
615 5321
1642 6083
989 6820
1897 6524
2335 8770
627 4496
625 2277
1987 12752
2049 8233
993 4613
1281 11307
1884 7919
1999 4140
997 6081
606 3532
580 783
1226 8389
928 6811
2017 11144
727 1147
1922 11815
1052 4859
1569 10548
3125 18720
681 1446
947 1880
1253 7872
1347 9607
2415 6218
1119 4852
1268 1668
461 1909
1303 6860
1710 1922
1290 3030
1532 5092
468 3500
1260 10602
780 2799
727 1084
1144 5157
1394 2933
1534 2935
1422 2512
414 1011
221 954
948 1951
1482 11145
1420 2757
1933 13750
608 2115
522 1309
423 1087
659 2160
672 1006
1391 4862
978 4267
605 3880
1965 11923
832 2971
718 5390
1097 3466
1800 12763
622 890
864 4681
2095 17583
2602 16921
1202 10070
1483 6193
790 1025
2278 18841
862 4647
1145 2576
453 2411
2608 3393
435 3149
507 1235
348 3057
759 907
724 2901
1667 7055
1966 11334
402 3453
206 756
443 703
2301 4913
1473 7371
1061 1940
595 3703
1149 4848
2100 2764
642 5778
1108 7774
973 3016
859 4339
1394 6889
2830 5725
1790 3304
1046 1883
984 3877
1553 8599
986 4940
280 2226
1815 1983
949 3471
971 7573
2067 15679
1044 4233
1080 3433
2085 2620
1123 9389
621 1283
1263 7245
1225 1784
2459 4414
981 5716
1456 4031
1674 14167
615 3985
1041 2172
630 3773
1605 3024
526 1800
967 1851
2051 16290
884 7500
337 2832
521 3482
1897 15960
846 4609
1243 1247
1273 8618
687 1939
1626 10483
1621 12436
1361 11499
2557 10657
1473 10058
1686 3432
917 1422
829 4326
1231 9706
1036 1932
1292 8920
1196 9798
1480 4956
1881 11246
562 4331
1278 10587
864 5359
974 1244
825 1504
1830 6462
222 1029
1114 6693
1427 4551
367 2468
1030 6653
1670 8641
651 879
295 1526
1783 6018
266 623
1137 3504
2346 6219
2107 7037
1369 12196
1394 8104
841 3794
773 6667
1533 8757
1161 6726
1248 7517
2436 12220
1300 5367
551 600
1774 7596
1052 4995
842 4560
887 1499
1416 5071
1629 11861
365 1692
742 5339
1517 9532
1445 3404
440 723
1351 8745
760 2868
898 3674
1145 1890
1802 4951
1688 2965
1483 7304
908 7247
1455 2622
671 3500
1162 9084
1769 9120
2062 12447
656 1836
1227 5418
412 1007
1025 2748
1321 4586
1593 8563
1972 12835
1055 5756
1090 2076
1407 10136
448 3282
960 1866
1792 12316
2317 14440
1516 6317
802 3662
1374 6132
2130 15308
1123 4601
203 723
1813 8060
608 648
461 1095
206 647
1514 6367
667 2455
1043 5847
902 1581
1116 1408
521 3165
777 5972
1741 6905
1609 4593
1300 7370
2150 5842
402 2534
1719 5311
935 6114
1403 3198
1492 2464
1041 5091
376 3348
429 3043
1135 3092
1457 12735
1413 8601
712 800
1275 5597
329 952
2570 7067
1263 10652
193 1726
1775 13646
1111 9347
238 733
1707 1910
1298 2251
555 1929
837 4989
1147 5355
1845 11734
1956 17479
682 3366
1664 10289
434 511
1235 9177
1459 3028
858 4353
331 1593
1137 4668
1048 4584
569 3737
806 2466
921 5602
1868 7932
1183 7876
1773 3450
246 835
2153 16371
1429 11547
688 5235
789 3526
347 943
1209 9003
2122 11728
639 4202
1008 6252
1038 4945
2252 13724
1186 2413
1050 7239
1533 1743
1696 7641
1128 6243
641 4929
937 5930
2081 16044
1252 10924
2348 3793
1795 4382
2570 3336
442 759
2004 7089
1868 11979
381 2864
940 7146
1193 3580
1103 8925
795 6051
1940 2885
1284 10271
1356 7032
719 2997
489 3172
2106 4732
250 822
872 3976
1180 8339
1650 2826
1297 5497
184 1246
217 1776
1052 2653
1248 6425
1163 6086
2020 12275
1485 3354
1654 3165
1666 13463
1753 5090
516 2380
2146 10428
2469 10052
1551 5392
1962 5881
1274 2263
1067 2942
1117 2407
1060 2017
1223 6127
997 7566
951 8466
550 2677
923 7235
1026 7668
375 1510
2270 12323
1649 2511
381 1386
1369 2449
805 4530
941 3325
501 693
296 1644
1043 3529
560 4091
1831 15337
1164 3297
624 4989
357 1575
1453 7940
1145 3821
1345 3707
687 4657
139 670
1226 3424
2099 11350
1337 1802
1677 5954
25 64
364 3143
530 1773
1262 6687
879 5551
2152 15970
1135 7593
871 2128
1740 10242
834 6840
1226 4769
730 5434
251 475
1337 7123
859 7014
2124 12476
729 2822
181 541
617 1163
673 848
1354 8582
403 3486
972 1238
871 7548
1402 5825
774 1784
1377 6291
1041 6063
1056 7041
1857 15240
974 1452
796 3895
2782 15732
1311 9690
1637 12657
996 7824
2212 7739
1196 3568
426 2714
207 1850
809 3940
1086 4459
730 4661
1068 7515
536 2600
1905 5144
1169 1833
611 2393
1953 4925
416 3659
1516 4530
1258 8447
1103 6435
1476 10356
626 2515
1946 4371
1453 7969
970 6149
1200 7348
2136 14192
1619 10860
2093 17121
1444 9684
212 474
2232 7241
1477 3813
1665 13014
945 1453
2054 2585
919 4426
1191 10219
1239 7396
907 1991
1191 10114
1092 2911
2464 6021
2094 2888
969 3010
1392 4281
835 3897
1167 1564
928 1036
65 353
1560 6126
842 6496
1363 5185
570 3489
834 4332
1055 8374
794 6426
731 6348
555 2241
1860 3679
614 3414
1174 2471
738 6307
2543 21758
882 3067
1457 5400
44 61
840 3293
1250 7710
902 3512
836 1759
1702 10418
174 1152
1346 3651
1042 5858
1177 3910
2287 2811
560 4599
746 4190
2854 13138
201 1752
1307 6188
1215 2819
868 1597
1034 3117
935 7102
1656 2410
856 5058
1342 7237
1173 9501
397 2981
1468 10052
613 3244
1455 6311
1471 6072
498 1714
1867 15111
1939 10015
522 2507
1516 3691
890 976
1532 8777
509 1643
333 662
1745 15401
2026 5182
148 896
893 4103
1192 6441
2196 13732
350 1074
388 662
256 974
1272 8000
689 3408
516 3024
1185 3381
883 2712
2108 10538
1290 7857
1390 8596
981 7027
2588 3996
1114 1288
1307 3847
1561 8115
2124 7535
1474 6734
194 341
1396 2411
1646 12414
1246 4537
203 1549
1023 4490
471 2005
1476 11652
858 5357
625 5350
1427 6042
1679 12723
766 3282
652 2527
1282 2720
980 1969
732 4071
1285 10521
735 4314
1648 6217
845 969
1722 5940
661 3878
505 1537
706 922
2255 9004
807 1362
2093 11514
724 2836
232 1147
1898 3625
1113 8195
747 3276
2485 20464
1181 1869
1958 9811
621 4075
498 1791
2113 12759
1459 8673
1763 11468
543 843
1448 11816
895 5249
1524 2531
1261 11250
2000 9124
967 3805
614 665
230 514
1439 3135
1346 3746
1410 12497
541 4108
593 2744
2707 3007
1307 9613
1257 8249
490 1579
78 434
1284 1368
837 6604
337 1019
2324 7555
1524 6382
1398 9311
1798 4769
1454 8321
1889 7979
2142 3015
667 4999
1103 1956
1649 9758
1656 2311
744 6598
1630 9079
544 4110
1755 14204
1167 1588
1202 8564
382 2884
1078 6437
1030 2105
1588 8441
1482 9999
1168 6957
1337 4112
387 3383
1280 8712
1705 14164
1009 2847
927 7779
904 6907
2352 11587
1027 1962
1871 8146
1079 1761
1082 3023
1099 3060
1920 3934
2012 6723
410 1969
663 5439
693 2509
1889 8416
1576 1721
274 768
606 3642
2556 5788
914 1609
626 3925
924 5895
1026 6639
1055 8661
2019 5823
1128 6407
680 3185
1625 13221
977 2836
653 4455
450 2918
1565 6134
176 430
1767 11324
2364 19627
1163 6075
536 2841
482 3697
891 6622
843 2797
2326 19876
1830 5264
766 5004
877 1449
1033 1412
462 2230
1921 8272
865 3116
1339 8521
1439 1725
809 5280
1036 7858
739 6375
1441 12482
1306 3712
1701 11898
687 1282
1959 9331
840 6615
1273 3661
1805 4021
1359 1769
536 4798
618 3854
947 5015
2770 19518
2210 7477
1681 6004
1919 4792
417 1438
1120 9406
794 3977
1458 7438
1080 7169
1599 13899
761 6158
460 1298
1630 5061
649 5320
772 5505
297 2246
1669 4291
1445 3140
17 106
1427 10432
970 3336
195 223
1610 11012
653 5143
1405 1515
152 505
1241 1279
1202 4061
1232 6983
1204 10506
1825 11145
250 1238
668 5360
1579 6849
821 6494
666 4576
315 2197
1340 10838
2154 5222
560 3708
1444 3218
1285 5525
626 3066
793 5187
1012 3988
786 1570
1153 6005
1597 4121
1134 1774
281 2219
364 3133
473 1720
1523 12116
1055 3585
983 6715
1403 1845
701 772
1426 1810
2060 8619
1628 8818
785 1215
737 1098
1386 7970
2887 15345
625 1497
2239 8526
749 4355
824 1841
1977 12269
1406 1490
2058 8248
290 513
533 2257
1444 3211
925 2862
946 2993
849 4237
1514 2607
864 3193
1444 3983
1397 4076
1880 9473
2313 11619
1856 8441
955 2899
862 2371
3189 27995
1232 9546
2281 9070
1018 6649
676 5234
2118 13410
789 4078
1093 2784
1373 8347
511 2449
545 2949
226 1729
1166 8784
1388 12043
1093 7762
912 2046
833 2273
956 6642
1407 10339
511 3522
1295 8115
811 1258
1700 5933
1107 1353
298 2027
1036 2857
2414 9536
522 3815
443 2995
822 3304
549 3130
1063 8700
1420 2953
472 2934
1651 13391
2245 14533
558 3127
951 3207
1222 5767
2720 17838
2273 7985
1352 3457
1404 12491
341 2098
682 1579
183 347
219 1090
1220 3168
1919 15471
779 5313
1015 2366
1580 9822
857 5741
1393 11572
878 4085
838 1313
819 5695
731 1828
1307 4068
355 2768
999 1577
1213 2416
737 3979
781 3058
1087 1651
1589 2003
1249 7660
323 558
1042 6561
744 3010
88 704
543 2376
771 4087
229 1361
786 941
586 800
239 1000
458 1907
1408 12431
2264 4810
1948 12273
787 6712
1616 13171
826 5094
1224 9382
627 1996
2230 2641
1383 2414
472 3414
208 695
361 1209
701 3111
889 5130
538 1829
1768 9330
808 2022
1010 6698
1182 7797
509 1381
766 4205
979 7475
2242 7705
1846 11229
1634 4166
1175 3341
1373 3645
1697 5751
730 1740
1216 4346
1787 4602
1407 1650
816 3942
920 1364
436 1192
1694 11103
990 6748
1294 2544
1598 2913
985 6564
1252 9935
309 2652
271 324
1849 14215
722 4846
1722 8799
522 851
654 749
1696 6850
2424 9539
1500 8335
587 1440
918 6378
260 928
794 6289
1757 12434
621 2776
588 1372
1439 10947
950 4628
1316 4138
1244 9570
1228 7305
1265 7144
552 2171
1736 6961
254 1399
1483 9976
1476 1760
130 369
860 3932
1487 10390
939 1137
2412 9991
148 838
1561 10727
1589 2818
1284 10411
1301 7078
1190 10282
498 3336
2245 3596
1091 1186
1472 11429
2314 5393
2158 7945
1059 1836
1569 10126
1055 7452
1186 8199
116 383
294 1103
200 892
534 4463
1167 8217
1287 5861
1219 6818
2045 4025
1442 1940
665 5029
549 3632
577 3141
1703 14341
1641 10260
1501 3669
630 2024
1010 2750
380 3245
1061 8001
2029 2467
1050 5545
911 3989
442 2830
570 2796
1153 8393
2200 9399
685 4750
2526 10793
824 1421
1756 3033
1065 1712
1147 10106
703 4824
999 8315
1228 6118
1596 3073
1034 4851
671 4880
350 2723
601 4874
705 4160
1295 4221
467 2891
1765 15271
302 2597
1133 1216
781 3658
1348 10657
551 2656
1577 10125
531 3682
1057 9335
197 1747
3040 11117
1005 7498
1294 3437
1240 6063
1392 1407
683 1340
652 2450
689 5094
2119 18965
421 1683
959 2395
1721 7006
1832 11760
498 2409
2888 4955
1363 3700
264 669
721 4814
563 5038
1914 3902
833 976
666 3646
374 3297
307 1627
1243 8560
1981 15998
1618 7142
2597 3144
829 6219
1784 8795
862 6427
142 1086
1290 11514
1047 3009
393 682
725 2527
705 3644
1153 1366
1344 2737
1304 9432
1636 2069
701 4983
972 999
2260 8184
1628 4284
1531 5301
630 3817
1276 1898
1168 5747
274 790
1779 7698
2153 10985
2449 12766
550 1501
283 2218
1477 8306
2292 20169
1620 7194
827 5639
1575 10700
514 4025
1009 7735
1687 4938
1084 1601
1030 7008
1187 10410
675 1662
174 374
1595 4764
1450 8468
2234 12312
1535 10353
989 4362
1333 5188
544 2122
1386 2041
1655 9585
1263 4155
1057 3004
889 1451
2035 2340
951 4303
2190 3800
1829 2044
450 694
1971 5636
962 2405
1084 8051
1662 8000
938 6343
1319 7354
1590 4875
578 4512
532 3444
1466 5691
913 8052
965 8416
2067 18566
1586 13871
1435 10700
1457 10771
294 588
1304 7030
999 1003
785 1607
1431 1447
1520 6724
344 900
807 5603
2028 5781
715 719
266 2296
1310 11522
263 318
2196 15290
1578 11411
406 3605
608 2661
1335 4133
1585 4820
2006 8197
802 2357
999 3557
1527 3391
484 1901
1219 2542
250 1884
771 4313
1812 9042
1402 7113
632 3427
941 3017
1802 4222
1879 3165
85 327
1091 2409
213 426
1953 3904
198 977
1122 1294
272 1132
811 2802
390 3082
1471 6099
953 8514
984 5273
1255 7856
1028 2015
1305 3076
1443 8597
605 4044
967 4896
506 2949
839 5375
1146 8746
534 4334
1076 5198
1299 3932
579 4440
1035 3368
1266 2182
1098 1129
1204 7728
533 1472
503 3212
1703 8221
939 1831
208 1830
1479 9477
2543 21506
1201 8862
559 1451
745 1263
873 6807
1629 3417
694 783
2424 10192
1650 3596
1730 8519
1433 3537
1032 7429
829 4910
1835 16028
1877 6558
905 3748
670 1336
225 357
755 3440
1587 2839
1300 8425
1482 10160
1383 1564
1235 6748
2015 9965
1973 10141
189 1476
2446 7003
1348 7101
1357 3056
2586 8464
783 1921
1808 7869
924 3202
1973 13789
955 8032
549 3561
1299 2611
1108 8745
653 971
929 2380
269 2273
979 4424
1648 4226
1362 7179
2782 4792
448 2631
1048 2142
1745 9161
914 6878
3095 17444
279 2059
235 524
472 1084
1684 14621
823 3208
270 1920
1097 5945
637 5506
1467 3608
1617 13646
2738 6380
2114 18390
799 2870
522 2750
800 5381
909 5393
1318 2917
305 1822
1644 2759
1601 13693
1458 9960
769 4843
1658 13290
1950 10014
443 1687
723 3224
1303 2981
1364 8797
2501 2799
950 2387
701 2225
898 1987
1723 8584
1120 1425
825 6347
1931 2432
703 2328
2108 18824
499 4299
1000 2849
2404 14343
363 2434
1533 3076
550 1313
1700 9433
209 1044
976 2669
309 883
989 6381
1559 3793
1363 6615
1017 5203
721 6253
2626 15173
2625 3565
561 1614
1172 5452
820 1401
2657 12103
752 930
2194 3138
836 1024
1712 7138
2395 14427
806 2730
310 1860
220 1208
1242 5344
1259 1445
773 6884
2685 6096
204 1555
1705 14811
1610 10990
1940 2031
1608 13259
1983 10543
1698 7301
1165 9338
1524 3620
501 3435
62 457
2278 7537
1604 12221
1808 8540
1718 9783
565 2789
1271 6004
1072 2092
1083 4466
992 1715
1119 6434
1524 5781
1594 7765
1098 7277
1466 4100
760 3827
804 3820
538 3282
245 1294
49 116
297 437
1238 1384
565 1392
757 5330
926 8005
1021 1840
1815 4273
1391 3277
1408 7054
1978 16590
337 1725
930 4630
1747 5903
1048 5390
954 7991
941 7158
567 611
1137 2418
220 1813
1283 3143
299 2396
1494 6764
1112 8794
2378 9402
1062 7477
621 3404
1089 8241
1839 2485
634 2648
781 6114
471 3402
1703 12204
483 1183
1835 5581
1075 4898
681 4850
2462 4952
2862 14937
2337 6806
1217 4201
1697 9841
1011 5995
1820 5848
174 986
829 4288
375 1958
497 1063
1449 10407
1373 2527
679 5291
1012 6286
261 1735
1538 8533
217 1800
209 283
874 966
2195 7799
1673 14157
845 1142
1841 8415
857 3496
699 6132
1003 1850
2434 11861
748 1558
1439 4055
1554 10686
2097 15636
1188 4275
1844 4183
1854 9436
1211 10599
643 2539
1136 3102
959 7154
1823 15611
2017 12042
899 7898
924 2904
1696 12515
1975 5269
1398 4751
797 6253
818 4493
422 1221
1123 1238
540 4464
682 5852
2401 2793
2546 4766
342 2536
1027 1928
1942 6799
761 2489
1781 8819
2832 7077
1160 9647
1989 10775
979 1476
1638 7232
733 5808
556 3678
1430 11916
2194 14407
821 4342
1704 11559
1190 10386
436 1868
411 3280
1233 7986
1281 10873
1461 9986
1249 4444
2430 9459
1761 10621
1764 10536
1317 5356
1009 1574
968 6604
975 7480
887 6751
613 3851
694 842
1119 2625
519 4302
1236 2843
1824 9738
1185 7493
971 2585
1609 11436
1867 2017
135 591
696 3839
1185 5575
906 4490
1527 9497
477 2455
685 4442
1362 10362
1532 8057
2059 3959
1185 8198
1593 7833
607 4795
1326 11444
2005 15976
1438 11373
1919 2002
316 2196
314 1781
626 817
242 342
713 5411
1999 8006
2021 4668
2323 3910
2083 12047
528 2196
581 4680
1375 11773
378 836
818 4027
1831 9481
1478 3163
1775 12507
2151 7827
513 1167
1242 3810
1552 7760
1265 8468
780 3652
1415 11745
1811 1881
2314 8615
1312 11761
167 872
1470 5368
1900 6471
504 2301
635 3889
1059 5000
440 3905
1576 7383
1947 15945
1567 7735
1040 2957
438 885
1093 7354
1310 4843
1232 5771
2675 4414
1087 5233
1248 9728
2033 12080
979 1441
1667 2110
859 2556
715 3615
1513 8474
74 573
635 922
965 6260
95 581
1408 5801
1828 16021
628 4207
1026 2242
1265 11299
2276 3247
1629 4973
2446 11270
1116 1768
1390 6456
2878 8863
1208 1431
680 5723
1143 3900
1360 3231
1116 2659
1255 10709
506 3550
229 1620
1240 9902
557 2692
778 5712
927 7703
1020 7907
438 1320
1235 5826
345 1296
353 2807
1922 16859
1372 10134
306 2535
1127 9790
1074 2487
1688 12415
1499 5014
1265 4964
157 277
1425 4183
243 1294
1616 12758
779 2852
116 628
2389 18000
1177 10243
569 1351
1774 3494
1517 13060
1621 11599
1154 5603
1827 10565
1287 5429
1979 4287
2300 18783
951 8400
331 387
1143 8150
1540 13616
2078 15722
519 922
1414 9886
1065 6111
1982 6835
937 6115
646 1331
539 3318
1232 8994
1549 12884
755 1060
1748 14580
1888 3181
1313 8148
575 2905
981 6866
584 4391
758 1730
1310 9082
381 1060
2000 12852
1514 4333
1879 8154
788 5813
1308 1312
624 4234
571 5038
1498 12765
1127 7975
808 6536
1373 12110
665 3998
1093 7904
1977 10769
856 6552
2201 12086
1569 2668
1440 4369
1527 5899
1355 9701
1771 3329
531 3624
1612 11068
1074 4549
2089 18600
900 5218
2463 8312
21 145
2750 13078
1479 8035
1297 11336
1932 5539
1294 6485
1325 2261
1783 15291
885 3477
1297 7620
1889 13160
1416 10422
810 5698
1055 5884
1689 4349
919 3113
564 777
312 2720
1877 3164
1702 14282
291 1239
2515 22074
1800 9230
1108 9600
968 5408
1208 6394
261 338
1701 6742
287 1635
612 3901
1410 11721
729 946
1521 10162
157 1022
428 1212
990 5432
1521 1602
998 2490
1052 1704
340 2546
1589 8825
1545 5059
1330 8924
586 2035
1807 3757
181 1307
2595 15606
902 3591
2244 4908
539 1828
1063 2219
604 4788
479 4180
471 3290
993 7072
2711 7704
1021 3305
1133 5736
1703 8562
1892 10839
783 1420
1335 6426
1674 2391
497 2369
918 3029
351 3148
1796 14815
849 2837
1405 12642
738 2006
686 1832
1622 10456
828 3206
925 7922
1442 10350
2009 6611
519 3896
886 2969
1386 3262
787 882
1075 3183
253 456
798 6605
1718 4470
1750 6486
2569 20021
565 2602
1047 2533
1169 8989
644 3838
1607 12610
612 2530
1388 10600
410 523
886 6371
379 1548
898 7378
1484 8500
1501 12409
1582 10223
753 766
1416 1509
1121 2732
1042 1048
989 2567
622 5487
1045 1746
1172 9314
1218 1973
1094 2422
928 1697
1836 5117
2045 10809
924 6254
945 2247
1052 2320
1456 7226
1544 2063
738 2388
1501 4393
2071 7846
353 1843
608 3451
486 2345
2044 10716
263 911
163 276
579 4627
251 442
1403 4125
705 3920
893 4946
1732 7620
945 8226
1074 6567
771 1058
840 5962
332 1625
767 2717
1300 5874
1522 5636
444 1726
975 5211
584 4311
1640 9039
1730 13623
1509 10470
1682 14902
2022 3369
1548 4023
83 426
1724 8457
1070 8215
1868 11788
869 5057
273 1631
1591 3954
1161 9280
1050 8696
1549 9789
818 3046
642 1748
518 2082
1068 7717
1384 6604
1877 12159
1093 7724
1992 4031
1879 13634
1243 5436
426 3151
778 2062
1318 9424
2030 5000
1188 4392
1297 9325
876 5974
1142 1425
1793 14643
562 4849
1437 4643
822 1801
1931 6000
1951 8124
458 3743
2117 4848
2178 9899
1603 12411
465 2507
1469 6925
1457 12771
550 3177
750 6392
1568 2270
1301 9381
1796 14092
1300 5023
2467 15754
1442 2113
610 2478
710 2484
488 801
2126 6493
1003 2943
1044 6481
787 1568
183 826
552 4312
839 3431
1585 5360
550 4500
602 835
1445 7663
1647 5123
1027 2542
621 1841
1343 9434
739 3569
399 3248
1498 10389
523 4479
614 4243
1104 7005
315 2718
2348 8753
1539 7820
691 2187
915 1703
255 2064
584 4434
1816 12355
1780 3440
1697 12761
1183 8415
1214 9496
1808 3210
1659 3751
2558 6437
1658 2455
1942 5726
1848 11214
1647 8123
1967 10358
532 3541
1561 3620
465 694
1053 8713
587 2652
1836 7234
1058 3623
1701 7489
1512 2834
1727 5577
716 4749
362 2113
370 497
1042 8018
469 2755
1284 8666
1022 2056
389 1708
965 1895
786 4667
986 3441
812 6740
1628 7272
2416 13711
1368 5080
1064 4674
1029 6898
581 4982
907 7176
2204 7767
847 6411
217 1668
1246 3070
1157 4474
1169 6852
657 3215
1765 2557
1211 7347
2465 12852
1412 1622
917 2507
864 1863
359 560
1288 9874
1153 6118
1156 4484
362 1902
1590 10631
1380 2266
496 2237
465 2382
430 739
1055 9317
290 1885
944 1536
1909 9724
1456 2637
1096 3279
1689 3677
1394 5156
749 4603
1440 9631
929 4840
2105 6653
696 4193
916 5359
457 732
1001 6435
1037 2876
380 2770
1515 8948
1205 7960
1447 2234
307 2742
201 1091
753 6735
541 4327
1677 14001
1094 7532
924 4630
1511 9103
332 2503
1751 4228
2640 9147
935 7525
521 3237
1418 6467
920 7017
1958 8515
907 8053
1158 8565
2187 12658
1427 11997
1871 2766
1761 10288
938 5681
738 1975
1221 10585
1457 9557
1091 7386
1585 3865
1306 2358
1183 7551
476 2497
238 1988
1503 7070
638 2782
1496 7465
472 1255
1321 8742
583 1831
1133 5845
944 7815
1228 3816
1988 2293
1767 4982
538 951
324 1136
1200 4450
234 1684
1139 6970
892 4861
1777 11478
1320 7652
1819 5276
1472 12722
586 2691
1854 13227
808 5228
236 1706
502 1197
617 2300
280 1778
1664 10525
849 2843
2387 10101
347 1677
1020 2569
1515 12205
1665 14617
215 1732
933 1864
661 898
587 912
1028 5033
1025 6008
2126 15784
1616 4277
1655 3222
1501 13273
382 2863
910 7039
1154 5209
1575 2678
1740 13726
501 932
640 5689
311 401
965 6502
2261 11212
850 2656
110 778
1033 2931
977 4032
1277 2846
528 2694
2114 5818
1319 7677
1064 1488
535 749
1051 4807
1672 5147
1713 1755
1984 16450
320 2031
2215 10420
1196 10339
1090 2305
506 1020
1315 4196
1528 5687
1216 5155
1542 1683
690 4054
1659 5354
1551 1635
1428 10027
397 1502
677 5903
488 628
1116 7791
192 252
667 1008
2417 9996
1200 6389
930 2316
255 2060
1431 11718
1340 8245
1131 5568
1392 6459
1694 12516
837 6935
1544 12200
1025 2818
1140 7762
867 7023
2392 16945
1445 8291
784 4592
1274 8583
870 1498
799 1745
660 2589
779 3522
812 3732
152 533
826 1115
751 753
873 3567
269 593
311 1249
966 6669
607 4387
1202 2101
1832 10796
546 4305
610 4649
637 3165
637 5031
588 5173
1285 8373
321 1102
1870 14738
996 2826
2024 14967
1277 5235
1901 10271
256 2286
1756 5285
244 1977
484 2793
525 3579
1164 8854
507 4129
566 2878
1485 9703
594 1217
804 3895
229 939
2188 4087
593 3604
119 928
1964 11116
1087 1930
1062 5921
511 738
753 2824
1571 12993
1489 7717
1033 2614
871 3526
1269 5007
426 2026
561 2114
1582 11044
1222 7554
1311 5886
2542 14063
1543 2146
1112 6443
1676 2448
2055 13408
1782 12297
631 954
855 1569
1299 3428
1277 9921
981 7895
2283 19312
1068 4839
763 4145
1541 3655
1153 6828
2022 4426
591 1355
2459 17785
1397 3835
162 424
599 4709
1200 7791
619 2992
602 1824
602 1887
1609 10752
2053 16801
1812 8551
1515 2417
942 2756
1031 1072
1123 4765
1578 10609
1451 5017
545 984
1189 10252
803 2446
1084 4629
544 4426
882 3176
1387 11263
1613 3045
1225 6599
533 2072
1514 2782
1405 2808
838 1168
640 3463
2773 9295
738 3715
1048 6590
1091 6149
709 3802
1595 4118
1225 10771
1490 9825
1685 7993
1365 3838
194 1315
393 3293
1015 1991
1038 3646
851 6568
509 3936
789 901
1290 1420
1804 5347
504 1725
2329 10023
2503 6899
108 805
2056 12516
1186 2733
2077 14631
1204 1402
172 470
877 2908
286 2161
1443 11723
2088 17594
893 7464
1627 5366
1153 9991
1465 1984
674 1314
814 6531
1088 3863
1124 2876
1735 7083
2001 17767
1024 6115
192 1167
1441 1959
1501 5308
731 4619
1106 1904
1552 10487
375 2563
1438 6809
104 505
483 3298
121 894
1045 8179
1866 13892
2557 2712
1125 5281
964 5376
2055 5065
1427 2973
1497 4945
1921 7902
409 1120
1737 9151
168 259
2026 4215
1312 4125
1180 4863
542 4001
683 4701
1463 8863
167 946
277 1429
1362 1844
789 6177
1153 8226
1978 14592
920 4834
944 2448
1786 4494
2157 11819
708 4083
1516 4666
1031 1947
1628 9107
313 855
2387 7511
1898 4612
1922 3810
1935 17191
1528 2654
292 1250
735 1767
1919 3269
992 2073
760 6470
1155 3198
1403 6900
1199 7367
2414 11245
1591 7206
394 2749
1298 10232
883 6558
2262 7779
1777 8904
298 665
950 5698
361 1077
588 3074
1059 3201
625 1852
1416 5402
2073 5313
2073 7333
1088 4653
1497 6434
1211 5180
928 1856
2121 7217
323 1484
1628 7641
1345 2098
1218 8477
1570 10573
1504 13181
601 3831
501 2886
271 537
1053 8721
529 895
621 913
1418 1995
1896 3879
2108 17064
460 976
902 6061
792 3108
439 1770
541 2000
1216 5465
424 2639
1410 6669
1101 6252
1040 6734
916 7870
560 2998
2686 8299
738 3221
967 2788
388 2997
1780 7809
1485 5625
747 2041
1126 10042
1246 3207
1184 7022
1042 4913
1383 4264
825 1547
1161 1309
1041 4758
1110 6095
1067 8782
431 796
897 3638
327 2463
524 4260
1627 5723
1142 7376
1053 9336
1260 1667
1223 6602
1224 5186
1632 14429
1519 1590
693 4971
447 2497
190 859
898 2559
1359 11941
145 1240
1280 4105
1162 2731
1140 3090
754 3320
1943 11362
2127 13357
1788 3014
1259 2066
959 7129
833 5045
1245 8763
683 1904
788 7082
678 1702
1585 6615
1253 10704
374 942
696 1844
994 7301
1190 10573
1599 3188
1759 7938
1275 1544
1457 11363
398 1565
985 1471
159 872
1773 8946
504 904
1742 13866
1036 9073
648 1352
1969 3201
373 472
961 4928
444 650
2394 15615
1436 9918
1119 9321
1257 2762
879 3095
1654 5886
2058 9315
1166 5556
392 1252
1431 10262
1208 2747
641 3570
1146 3264
214 776
1000 3249
455 1098
1520 4658
495 676
902 7658
1027 3512
746 5396
1457 2726
1567 11167
1788 1927
2434 6388
231 1979
2300 3643
1642 11935
1670 6475
2245 15937
1769 5589
624 2964
1057 3295
998 7927
2153 16907
599 639
952 1986
1000 6975
1964 15881
149 695
590 2877
857 5802
613 4190
844 7472
1853 2156
910 5386
87 680
153 1080
716 5173
736 4828
1346 10325
2178 12294
178 223
977 4138
471 3194
1519 3678
1914 16698
1270 1937
1404 9249
947 2441
847 6359
98 258
2254 19686
432 1301
1917 9730
1335 6036
108 378
625 1276
1219 3700
1903 6959
1244 1740
405 534
426 1050
1407 5392
574 2016
1160 3851
624 4054
736 1474
631 4528
2199 13367
1246 5119
2369 12361
854 1344
1836 8026
1977 13827
1277 3798
864 4867
1413 9960
227 839
466 2757
1482 12668
991 8904
822 6105
999 4346
1461 6810
1927 2178
793 1965
2463 3905
1627 2903
500 4471
1954 8112
2507 14781
850 1712
1239 8531
2608 10997
206 1614
1650 12922
1586 10872
1149 10328
932 2451
1252 9839
303 2153
515 3585
1901 15510
981 2733
183 250
1931 8209
2313 16989
621 3476
1336 1384
634 3202
816 3837
388 454
594 2310
711 5293
1936 9258
1290 6894
998 3969
947 3661
1107 6486
1883 4441
1130 1518
312 793
2230 5941
574 4938
813 2912
1287 2137
578 3905
752 989
306 2286
1136 6495
833 5213
1565 7372
2267 14971
256 1449
673 4872
2481 2588
2452 6758
670 5517
276 1400
657 3109
1659 2254
1441 5534
276 784
1436 6576
1334 1833
1074 1684
678 2756
1654 5776
1435 9775
1479 9427
862 5888
1289 6422
1429 8753
2007 13834
683 3672
1079 1307
591 1075
1931 5454
2295 16514
365 2980
1579 2378
171 632
1441 10265
1721 11415
175 534
791 5267
823 6018
592 4317
565 884
1733 12653
1048 2845
1218 8155
858 7163
910 1397
905 5062
527 709
1155 2870
994 8090
1440 2869
278 1360
2435 21151
1182 8016
393 3516
2216 14301
1264 7789
421 2040
2236 9689
1074 7243
1428 10816
776 2349
720 1306
2189 16516
1048 1829
981 7395
883 1362
1228 10587
1143 9262
1280 6601
1460 4917
2747 11882
628 5467
536 3233
760 5205
1731 15010
1257 2989
1872 3284
1249 5950
968 1018
539 2927
750 3784
1484 2397
1514 9927
605 1449
857 5326
1179 5379
1216 7048
1713 13946
1654 7543
1122 6578
1305 7841
991 4625
984 1359
1008 5817
297 2027
1251 3817
1037 1160
2382 4511
507 2501
1785 6801
1552 2568
1521 2821
1320 3286
1552 10220
1219 6448
390 3406
722 6189
224 1039
2166 2639
1177 1237
1599 2916
543 1834
1395 7938
2226 17352
1807 2594
1312 8128
908 7358
1404 5044
1224 2380
466 4052
1862 15587
2465 7778
981 8352
459 3274
2299 13899
471 1020
740 3338
1575 8655
581 1930
1845 3782
1731 3205
1189 5528
1054 8031
1077 3043
1340 2312
1107 7318
809 4169
757 5743
1740 11560
615 1526
1184 5761
1695 2795
2109 14160
456 1883
466 3441
159 1309
1181 5939
1831 7355
2272 13895
1100 2163
1868 12924
479 3079
1837 16254
1119 2241
214 226
669 2780
1144 8494
1416 7408
1044 6328
1970 8873
417 2866
323 644
1102 8906
1222 3743
1529 4802
1247 8073
705 4143
811 2047
1644 3103
1632 1704
2053 15565
988 8641
1378 12074
454 4081
292 2031
993 3193
1938 7858
764 1172
1819 12949
444 3295
1202 2128
1364 1814
495 2179
230 1684
655 5077
1352 11054
1229 1921
623 1663
1012 8299
997 3051
890 7478
406 3130
677 1632
937 1157
732 4819
646 4191
336 2439
863 3244
1375 3729
478 3323
1120 7941
2063 6729
2394 20254
1004 5194
1096 8202
2781 23948
1425 11366
2422 5783
1673 14124
1597 8075
161 551
2050 5751
2088 8677
673 4488
1195 6326
1452 9693
2326 18809
46 112
438 3778
2084 15699
634 1450
1470 12628
670 4310
1758 5354
1676 6126
2338 9329
586 633
321 2128
1099 3535
1847 7080
330 2761
417 889
1355 2305
1749 8199
1469 10271
2482 20639
1347 9419
1222 2482
1507 1975
1143 5277
1106 3865
587 2141
708 5127
566 1758
306 2245
795 2245
315 1945
2229 6717
1318 6988
1323 2787
851 5610
1847 13218
1225 10119
1549 8996
200 1517
1364 2174
728 775
1958 3101
715 1840
404 1907
1252 9291
1505 7054
1156 8056
1952 10238
570 4539
1288 4334
2129 18370
1258 1632
1668 1998
461 1330
1965 17444
334 2576
478 1306
1056 8210
1630 8530
646 3444
1417 12454
1474 11144
1225 3471
1332 2208
637 1282
1135 8402
788 5773
1225 5481
1588 14043
480 927
1523 3556
555 828
1981 9040
1198 9121
870 5765
1588 6576
778 5793
595 835
800 4000
1790 2260
1238 8425
1038 2498
944 1612
833 6948
271 1905
299 1956
168 520
1712 7835
1542 11908
810 3166
1439 5491
690 4436
1386 7193
2230 4985
940 3813
335 2308
305 2519
915 6237
532 3357
1502 10706
1842 2050
2231 12137
1155 4454
385 2801
1152 1450
1040 4673
1422 5055
2466 10692
370 2352
942 4316
218 1569
1314 9027
1018 5985
468 498
905 4144
1412 12289
1224 2213
671 3029
175 376
1089 7219
450 3099
1125 9816
536 2446
718 3937
1509 8100
562 3247
930 6309
1006 3830
1567 11690
644 2231
390 3028
495 4046
608 1318
1662 6374
1968 9616
1720 3538
606 3942
529 3831
1969 2903
1617 13861
1562 6192
1685 1744
2130 7975
889 6430
1869 15224
1423 4978
917 2155
2523 22414
1416 12253
938 7430
764 6313
2116 8758
512 925
825 5183
846 1606
1352 7961
1057 5333
1286 8777
2016 2033
1415 6362
1350 6651
269 2241
1129 7223
901 1967
433 3875
483 3760
954 4057
2670 15818
1051 5968
1561 6914
1693 10631
225 1913
1072 4559
1509 9483
482 2267
783 4184
761 2084
160 598
1341 7554
681 1025
1312 7888
686 4742
1860 5132
2475 9741
685 4075
809 4432
512 2179
1694 6212
1419 8869
1695 11625
971 4920
769 5279
2318 19127
1757 6930
433 1963
1419 6852
893 5864
1132 5227
725 1384
1918 16359
1366 4402
620 4295
1402 2498
1950 14410
630 2775
514 1695
2096 7571
515 3698
896 1987
1454 8352
2973 5086
2252 3641
992 5153
1032 4249
1371 9351
1269 9749
1338 3199
767 4232
1015 2731
523 550
908 6100
1510 10650
1411 8449
161 1392
1880 16310
1688 6853
1071 6232
252 300
875 4613
650 2651
886 3256
1275 6382
726 5527
2037 4540
860 7007
1637 9878
1869 13704
889 6729
442 1730
1562 2705
1542 7130
2133 10030
2104 18595
744 4921
2932 7607
1756 1779
1458 11599
840 4898
1158 9413
1019 8836
1067 6193
474 3714
1635 1738
434 3855
1978 8052
955 4646
1667 3417
1479 9503
1729 10718
160 329
995 6868
1710 9661
1238 9669
1812 4091
86 678
742 6228
145 973
2137 15301
857 3594
454 1729
1141 6645
101 266
1217 5827
220 1970
838 6080
993 1906
1788 12983
1693 10580
840 1214
921 7637
1880 3320
2398 13857
1010 7856
1333 11542
791 1148
1691 13343
919 1037
558 2569
1579 9503
646 1705
1954 9677
2315 12850
635 4839
954 5292
1314 4559
1771 11587
1712 14131
596 4107
1388 1940
2457 13408
2712 5234
764 5943
1556 9485
1236 4988
2483 18039
1202 4831
448 1125
2410 19556
396 1790
72 215
523 2089
180 1433
621 3930
504 1781
1027 3415
1240 6027
1752 2899
552 4451
1223 2636
1126 1453
462 3050
1750 6744
582 4661
374 2241
1373 1438
817 2665
1039 6431
622 5567
450 467
2277 16609
2166 9466
377 1263
1480 12653
495 595
1164 4647
2656 11366
798 3493
1287 8884
1970 8875
1028 1330
2249 14651
1401 6477
980 8085
1686 5031
358 900
783 5013
1294 5334
776 3929
1003 2388
1087 1141
1692 8803
1564 14011
2221 16370
1237 8845
442 2059
1400 11977
1193 1571
722 3026
812 1662
445 2897
1500 6641
352 1038
767 6347
808 3731
1885 12185
653 1119
1209 4454
813 2208
775 3749
1301 2386
1290 7338
670 4808
982 7701
282 2218
1175 2965
1969 10461
1442 7991
169 666
1685 15112
325 2624
1007 1068
1369 11788
942 3882
1671 10725
1859 7635
1468 2382
1960 12662
712 3634
1879 5315
524 1491
1570 5764
601 2950
1481 6173
1189 4677
1347 6644
576 2610
359 2985
608 1410
1149 8421
1338 5478
1251 2430
131 690
1320 8893
2158 15145
978 6649
672 1652
1208 3880
1727 9276
1457 10318
776 2211
1540 7263
427 3494
440 2004
1568 1884
1756 3166
749 3698
461 2510
1789 4113
1367 11404
1131 6584
1085 8367
423 1353
767 1973
1460 4484
300 2648
1154 1832
2119 18459
1870 9460
1203 1441
2008 7998
1223 6076
1829 8490
473 4255
304 1832
666 925
1596 13533
454 2673
1167 2841
909 7634
101 124
837 3957
1094 3089
1446 1763
1584 8503
519 4146
647 2486
1289 6219
894 6449
1903 10272
1500 6927
1109 2272
1150 2407
1115 1795
1482 2593
662 1777
985 6930
1601 7418
1253 5539
2287 4762
878 4768
1217 9269
654 4457
1322 3635
202 1502
244 1720
1741 6799
788 4629
1181 6855
23 156
1945 2027
700 3220
631 1127
2249 14365
422 719
799 2426
1821 1958
966 6264
1285 5295
1571 2262
1447 8260
1708 13970
1196 7793
1397 8407
1164 10005
752 5982
850 3482
1902 2698
563 1983
1351 12054
282 1854
1503 11443
547 4242
1534 12950
217 916
300 1076
1591 3273
457 3566
986 4516
1127 4773
336 360
458 3384
509 866
1942 16141
2034 9095
890 3878
319 1810
2221 13518
580 2688
1074 5143
528 2118
588 4198
1482 9135
1260 1537
976 4798
1780 12046
796 3620
701 3339
1255 10192
601 5186
1005 4879
1721 6370
477 806
1058 8891
1285 1313
109 717
1355 11735
1222 3313
411 2173
241 420
969 3664
796 3870
981 4469
925 2523
972 2791
867 5218
566 2769
1504 5508
1060 8840
1836 15871
1321 4192
1139 2775
545 3052
366 3271
696 4941
193 1390
2695 14570
842 1675
1958 11805
1259 6477
1674 12064
796 3418
1608 4858
112 662
611 3467
2062 14443
824 6718
1600 6449
2399 3715
1093 4596
2320 9735
1292 1925
663 726
2125 3751
1696 14078
1893 10735
1792 14497
2218 10918
1232 4705
1709 3128
934 1007
398 638
1922 13782
573 588
294 1179
1249 5148
307 409
1053 3302
1311 2907
1452 4459
102 426
1437 7545
1516 2180
830 5354
925 1194
2101 10878
1560 5974
956 8034
991 1471
629 1544
1513 8529
1213 9891
1136 4737
726 6388
912 3566
2544 5003
992 2750
1685 11074
2462 6064
2077 8415
2308 2402
537 3846
1900 4894
754 2416
2097 2723
1237 4650
534 1523
367 842
1934 5446
1580 5409
2037 11499
807 5194
1240 5630
141 860
791 3859
1734 4884
1971 6609
1225 8242
1007 2439
560 4812
915 6831
1174 2750
1228 3555
318 2027
1580 9917
347 2211
1905 8803
927 5636
253 1985
1755 11081
923 6105
994 3031
381 2595
1788 14452
1427 10292
480 1477
997 8740
1765 4320
1456 4621
1918 8928
978 2050
570 2504
1266 10360
895 6281
817 4151
503 2338
979 7095
25 53
1137 2364
969 4486
194 316
543 1031
525 3770
2084 2085
113 488
1296 7858
648 5552
734 1069
1192 5190
605 2740
1810 3406
2565 20740
61 203
1102 1369
764 4580
749 6146
1225 4287
1049 2790
997 5013
1715 4893
1677 6413
776 5816
1896 10330
1875 9468
1163 7423
1706 2456
2030 3368
1229 1468
1097 4879
1331 10218
1651 14244
531 4690
581 2800
531 2254
559 2511
1026 8450
2149 10862
1327 5436
601 1192
591 3234
1059 9416
1363 7842
1184 1703
808 5930
1240 6160
1769 6944
455 2315
636 1185
1003 5533
1496 1870
432 2356
392 1953
445 588
1381 3209
865 1370
883 6499
1118 8783
1838 2584
362 2004
1107 1747
568 1289
1254 10855
1245 10609
1142 6632
1530 13618
1740 4108
772 2790
1163 3608
1348 6208
797 3237
741 4419
1775 3525
1385 5249
1395 12265
747 1635
554 4527
2298 13363
771 840
1809 2101
665 1084
652 4359
2749 8402
817 6029
1005 7815
1639 3949
1387 9552
933 1139
291 893
1363 1667
1447 5018
1233 8129
1243 6617
1098 1550
812 828
1589 3914
1292 1757
1235 7508
1277 4611
754 4720
1610 11261
1471 11828
389 3336
747 4901
2049 14318
1024 4784
227 511
1780 12585
2727 13418
1453 5970
1494 2171
893 3940
1130 5195
1692 11391
468 696
1643 5476
421 2501
1840 5472
1154 6224
1441 8592
2696 4638
1269 2361
890 5637
1144 4997
1633 5862
1268 1616
1417 2763
1513 2344
370 3265
1744 12474
912 5051
1327 2975
1765 2061
883 2939
161 623
895 5203
692 3127
1556 5088
212 1219
264 2175
2701 2857
1381 10733
1199 6347
1079 4183
1701 2221
1280 1535
1623 3592
1846 8628
485 3898
609 4518
2869 12820
909 991
809 6409
2068 13886
1592 5192
2746 2881
1361 4170
1889 16973
202 517
1313 10051
513 3423
508 2501
1644 3327
1700 8007
652 1991
761 3297
463 1382
228 1062
1932 17214
1698 13309
1651 10232
590 1983
1456 8889
901 1930
206 1665
862 5407
1174 6627
458 1992
2295 5771
1467 6950
1161 7977
603 2278
1697 9962
750 6332
2149 7595
1992 17763
775 3305
2158 17070
1695 7702
1788 11056
288 1565
916 5774
1965 13976
1039 8726
2273 11227
1195 3071
1836 2735
960 4560
1215 6642
1101 3434
1814 11905
359 1029
1773 11569
861 2349
1139 1401
1522 10971
936 4792
1470 12191
2265 12208
337 1223
1747 13095
496 3438
814 2115
2145 5516
839 5875
711 4379
1487 5438
518 1252
1301 2881
419 487
1357 7896
1892 3854
912 1620
1037 4050
1188 6093
270 723
1239 5264
585 3959
981 3858
931 3042
1318 11178
384 2215
879 7883
463 3378
1942 2929
2111 4245
924 1058
2362 16999
1641 11838
1027 1267
973 2263
1659 1820
771 1566
1929 12211
1334 4864
884 4937
2060 13494
1191 6350
1499 10332
1437 9071
233 633
1132 3948
1298 3025
1369 8929
1024 2230
1126 6842
1822 13871
1613 4473
344 611
1240 2231
1503 8748
1522 12017
1757 5929
2067 4718
923 4501
1865 3802
1500 11063
1999 13487
1836 7206
2630 15907
1386 7277
650 5260
988 2591
814 4701
2212 14447
1329 2624
616 5180
666 725
1583 12596
2013 11519
755 5959
1155 3736
1097 7466
862 6687
704 723
412 2684
1071 5576
466 546
2190 18460
1984 12256
911 6459
442 3264
1246 11076
1093 8315
560 1903
2196 7438
1810 7981
318 2523
336 1245
1232 1411
1297 8949
1470 2881
1917 5570
1042 5354
1705 12063
1073 4313
1371 2600
1094 7941
1098 1136
531 1065
856 3517
978 2997
1152 8614
1173 5786
1278 4097
1574 1604
494 1040
953 8512
724 4580
1476 4074
392 2759
2013 3404
1455 1666
1034 8717
1758 2012
1224 3698
1873 8676
1416 3532
1829 10819
704 6224
287 1136
1181 2420
1312 3730
488 1350
649 4984
1167 10396
892 7566
2173 3135
1829 3357
1815 15113
1378 4273
1055 7742
548 4411
1462 2301
1204 3771
727 2833
823 2069
936 6334
850 6915
1127 8305
1114 6423
762 2408
1106 6472
520 918
733 4318
134 251
1437 12775
1447 4503
420 2465
544 3684
962 7797
1732 4059
1507 3212
1104 7706
2037 10865
1538 7202
1977 15000
1042 6719
649 698
1596 12576
1854 7743
283 1590
296 2144
487 1891
648 5439
2101 13524
980 3635
2387 19579
802 2650
1227 6628
803 2344
1438 11486
1676 4099
1858 2060
802 5904
391 522
718 1168
1589 11474
384 1261
599 3339
314 2306
2900 3784
1825 3610
1270 5021
954 4675
321 1000
1528 9692
597 824
840 1981
283 2074
660 3361
1024 3369
2029 7470
1886 15696
1495 10260
645 2135
1721 1732
2202 3048
1654 2584
1313 7144
989 6933
725 2815
796 5728
773 4457
1392 8306
896 2729
802 4988
1890 7353
529 3358
548 1265
1015 4445
1666 6646
2236 8800
1901 10101
895 7024
696 930
1290 7903
883 4204
569 1939
1258 3227
978 1681
801 1318
1457 9685
670 943
1198 6872
690 1470
1483 5479
707 4596
1004 4363
596 4161
938 1209
2447 3080
1108 2717
1068 3403
253 1378
321 531
117 583
1071 7081
1048 6899
1286 5371
1560 6271
671 5233
2033 3069
747 3860
1343 1525
226 1501
2062 11768
1946 15273
1024 2316
1728 9754
1261 10824
109 792
1082 5301
1452 10377
568 4096
1871 5364
1455 9241
207 903
798 3474
1852 2637
2167 18626
991 2968
1834 9494
1008 2924
1405 2379
2015 8048
419 3653
412 1909
2166 16655
1357 2910
480 1380
2034 14817
1993 15866
928 3595
1817 3106
1063 7721
2889 3430
1154 5696
480 2716
1116 8624
1629 1747
1100 7408
1857 7647
1068 5220
299 1866
593 3464
1436 5298
2239 5173
624 3158
1510 3986
898 1130
241 2007
685 2265
1162 2193
2062 2218
1866 8192
620 1421
540 2164
800 2809
878 1608
1952 14116
2531 7538
358 3097
328 1814
1251 6899
648 3414
637 1326
1535 5275
2049 2348
345 1543
1030 8139
1703 5630
1569 4082
1121 3159
1713 14383
2355 4284
1036 7175
1163 4482
1176 8640
1542 10581
1442 7497
723 945
1717 10898
913 4451
250 1927
1128 2764
1503 3386
1750 11293
951 2788
186 224
660 1227
412 3406
150 953
2658 22979
438 590
491 4366
1053 4218
864 4830
983 1612
1199 9357
1904 16344
2022 10609
1334 3361
151 802
1378 7684
1703 7550
802 4047
1791 13661
909 1302
1696 8712
742 893
805 5643
696 1773
2189 14584
614 1987
903 4796
478 1003
1876 14658
1355 7253
433 3843
939 5146
1234 1891
793 2798
1175 10363
1182 4819
1253 8153
495 4197
668 1366
853 4568
190 373
840 7050
1870 5565
1971 4067
1045 5775
1461 9863
1975 5967
1693 11581
1540 3647
1364 7168
909 3149
1170 6536
1649 8931
856 5346
1128 6609
2118 10125
1825 13359
1194 1697
1165 8824
464 1478
349 2791
1532 8722
1657 10045
1594 1821
1315 7689
1105 7153
1141 3122
149 1002
412 1490
1493 6226
857 3411
620 2914
645 2483
914 7112
1916 10115
2790 22254
1401 12102
1445 2529
1902 16375
954 6942
2038 6674
185 1375
1105 6028
1866 14534
183 1254
1638 9641
1618 5333
1701 6466
752 4750
1782 3421
1295 8225
997 2917
2010 13821
1502 6854
854 6718
1095 8301
1276 1302
1512 2517
1294 5354
608 4027
1645 11883
1069 1252
2022 15636
425 2932
758 4749
606 1793
883 4038
1728 2134
790 4705
1383 12319
1671 8523
210 1151
778 1770
1176 4433
861 5658
1501 4646
1762 15304
632 2992
517 3892
942 1110
543 847
1432 12343
53 388
2069 15071
261 1505
1470 2060
1795 15413
537 2133
878 5614
1943 4401
455 822
589 1264
2132 12296
1255 3173
791 6588
1691 12093
296 1461
1765 15261
318 1723
1539 2011
656 2183
714 4285
283 321
2298 15217
2375 3872
771 3922
1343 3202
590 2236
2477 4469
1226 8929
1845 6173
1272 5790
800 4812
441 530
1193 8430
48 199
1060 1192
1038 3942
2549 17499
43 285
991 6533
2053 18464
605 3499
1114 8547
680 5015
1116 4525
282 424
417 3751
1633 12320
1493 5387
1830 8784
816 1696
1994 3826
929 1618
1169 4684
852 6431
187 1246
1742 3405
1848 9587
406 1318
1346 1859
847 7211
1242 10308
2951 17813
1764 13108
973 3882
1124 3683
1985 6577
2023 17527
202 1020
1920 1935
2140 10858
412 3191
756 1583
1683 8317
799 4704
2162 16202
1340 3159
807 1002
1375 9778
1880 4457
1290 3971
759 2519
522 3033
1717 10243
497 2112
523 4611
922 958
580 5052
592 1743
508 4171
909 2415
654 5231
738 2213
1533 13222
1206 3319
676 4341
1249 1800
620 4767
759 1125
1565 8122
1578 4358
1631 12826
1316 5775
1054 2379
450 2111
2248 12275
1312 6437
1849 5594
597 1635
925 2237
1339 9578
990 6290
744 6561
879 4813
529 2143
977 1331
2885 20021
988 5824
1982 13424
890 7196
1954 5232
436 3918
1339 8982
1586 6686
1234 8656
536 4547
781 4938
301 2493
991 7215
1497 13420
1170 5317
1961 16283
541 2746
1828 14308
1043 6155
925 7991
803 1343
541 2574
625 3957
1164 6812
785 1339
450 2663
1732 11014
1164 3513
826 2187
2707 5662
1653 4362
767 4605
1206 9719
2581 11479
384 1415
584 2745
2061 11682
864 4640
1214 2349
1133 9016
658 5169
1539 3282
1269 9433
2021 2633
1116 8925
1920 15396
640 1772
680 5388
1726 4027
817 2384
484 3800
1101 4044
622 2159
336 440
1991 7674
424 1583
814 4453
1684 6809
654 1678
575 4900
1687 7220
1285 4340
1460 9740
1795 8580
1233 4530
1648 9363
1075 3860
1253 3628
774 3779
408 1891
862 2224
1394 8916
1115 6119
1399 11799
1448 9448
2067 12355
1669 6479
1350 7228
2116 10976
291 1693
2200 6069
1124 3928
796 5789
556 4102
2134 10628
930 8105
1937 16397
1743 13849
1373 3800
766 4196
1126 8932
942 2921
1089 7528
625 3244
1191 9122
1507 11853
639 4646
920 3458
1822 8919
1894 12695
1676 2462
214 1693
1144 3485
473 4002
606 2377
898 7998
1557 13324
1653 11521
949 4545
861 4510
963 3243
1434 7938
630 2236
2579 12218
1246 5013
927 8063
870 3075
413 2614
1800 6893
2465 7560
590 682
1965 6769
745 990
1559 12430
1599 10457
1056 2148
988 7083
380 756
1530 9442
1907 4555
751 3737
177 393
1627 12670
1709 2700
1846 8844
513 1557
560 4805
754 2638
1859 8470
1060 3499
1955 15153
2593 8994
768 3536
1890 4009
427 3041
736 5147
1770 9643
2239 6977
940 7571
1362 4099
2587 18665
1749 8713
1833 9628
1148 1192
234 1278
741 2829
385 2651
2753 14409
1092 2698
1050 3133
409 3199
1900 5791
550 4078
1561 3664
779 1006
225 1517
371 685
837 4281
1054 1693
776 3177
626 823
767 6336
289 2537
544 3855
2236 15957
1393 5025
1231 9414
989 2843
507 644
917 3011
1609 8159
1916 2803
1029 5231
760 3038
1758 3775
723 5435
301 2191
943 4658
815 6017
962 1147
1338 6273
2653 9140
1594 14065
848 6527
925 4397
1074 7085
279 435
1312 6117
1784 8156
408 1569
471 1025
1323 7681
1007 8757
409 3638
1459 11209
1969 3744
1530 2600
684 4105
357 2395
1073 6066
877 4486
969 2765
226 1208
2107 2306
726 4202
1564 10899
1690 9974
472 1662
1380 6896
1421 10960
2317 14989
1141 5764
1325 6989
1260 1873
1944 11786
709 4380
1025 7046
1148 8990
1164 8476
2288 20039
191 501
681 4256
513 3519
838 5575
2038 8364
983 8829
1425 2366
2509 13182
1101 2770
1095 3060
1717 8060
1282 3130
494 3702
1555 13158
730 5827
604 3408
1080 8066
928 7362
875 2919
722 6162
307 343
2224 5992
528 1615
369 3162
1513 7379
1592 14140
1216 6712
164 1019
1373 5892
874 917
1595 2354
2184 5241
742 1204
789 1114
294 2453
686 1559
689 4510
2221 6050
1157 8084
2020 10968
1866 6970
981 7664
491 4405
2283 19395
1364 10961
2125 13316
1452 3846
1254 8405
1331 7010
588 1650
1914 4515
1051 6029
2036 13669
582 3707
1019 8960
1906 3257
721 3647
2796 24797
1540 3206
792 2771
690 1431
212 1494
1066 7265
2146 4433
1133 8322
200 300
2585 19793
926 965
1147 1233
1187 10164
910 3308
553 4061
858 7333
404 460
656 791
1259 2738
265 1695
1683 2187
2586 4001
420 427
475 1705
2551 10655
908 5218
621 1843
527 3046
1124 3931
786 2582
1352 4073
1547 6821
640 3889
1483 6925
1018 8450
1439 9342
1406 8246
1008 3184
1627 4811
434 1944
993 1806
475 2743
1401 8772
615 5357
862 5364
573 3959
1422 12759
361 2803
1446 2230
728 3036
2493 15006
1031 3105
943 8461
1582 13867
604 4834
437 1332
2408 16246
834 6799
2353 10975
681 5575
738 3142
969 6212
528 3365
339 2282
697 794
1675 3740
2263 15023
1975 15393
727 4382
299 2409
1485 5295
1207 7625
1615 10105
541 4373
1116 8243
1247 2478
1077 7124
530 3148
488 1495
1537 13061
1009 4717
1528 7275
2132 16503
685 1549
807 2870
171 533
1542 2867
1876 11132
937 7183
1909 14918
1580 2180
562 4336
316 1745
2128 13720
209 1140
1852 9797
734 3234
2139 10035
2059 3053
1183 4073
1115 6342
2116 17837
1665 12768
1384 9594
311 2563
932 8165
1053 1323
958 3386
2514 4173
633 1979
1499 11095
348 2095
380 934
878 5484
1563 10467
1895 13447
505 3036
1057 6197
810 972
1495 2648
1808 12276
1217 2818
629 5488
1423 5158
1166 7931
1644 9317
1360 3926
330 1852
878 4525
1433 7524
628 5389
450 1435
1212 6883
554 4036
530 4593
927 8127
387 424
1110 2124
1520 5308
775 2640
829 6519
1508 6777
1109 1964
1002 4279
450 2224
712 3500
2184 4520
390 2102
2159 13653
305 698
2708 22278
501 1598
952 3491
1564 1777
404 3078
1253 3912
1627 5331
1837 9090
1018 3571
1337 5649
1246 1809
489 1049
1331 1715
1073 3824
1742 10755
1090 8530
2446 6676
2170 15722
899 1569
565 4138
671 1005
653 1991
538 3456
1673 1754
1146 8719
1725 5709
1184 3783
2377 3257
873 3853
238 1767
96 111
924 8292
1132 1147
289 2397
570 3958
388 919
420 1100
1063 7392
1339 11284
1353 3300
2149 3809
1572 11596
218 1809
803 2892
1195 1756
538 1332
2093 6634
802 4333
1436 10547
693 3531
962 2789
1528 5657
303 911
1360 12068
1216 7574
1019 4172
2392 15213
311 1002
2234 13508
1178 6603
850 6034
1418 1601
1171 1988
1261 4627
1879 3254
1796 15952
506 1363
1096 1781
170 418
905 2793
873 3572
226 753
834 5705
1075 4481
979 3845
1278 5488
1060 5128
1528 11847
1414 1542
192 782
938 3836
2330 11733
982 4937
2122 3230
381 3312
1155 3534
1046 1935
1007 5620
1405 6110
668 2430
169 355
2158 7500
248 1934
811 3314
2512 18898
1198 9812
1811 14155
850 1659
666 1216
1276 2899
1977 9099
1477 2885
2281 10797
3046 23784
525 3017
983 8148
880 2288
1613 3386
307 982
2133 12641
1050 1839
1202 6761
1833 14952
940 3287
1019 5762
796 4440
777 6687
1040 8630
1942 8398
918 4648
290 951
393 2668
1443 11037
2009 11039
931 5937
553 1843
2423 17092
1014 4078
863 5159
1824 14708
245 1949
1905 2423
678 3709
793 2921
375 3365
1220 2439
1849 6971
2508 11144
463 3083
1960 10434
1543 1757
644 2926
1371 1565
1797 6490
2961 24993
1396 10185
2233 12643
1057 2438
589 1960
1463 4436
1789 7096
1073 5521
1580 13748
836 4823
976 2034
1458 2159
1901 13343
561 3551
1529 9037
1152 8943
1912 13808
1283 1670
1645 5857
1817 9619
411 886
2415 12360
1851 2942
1725 2868
1812 5406
965 5260
1000 8113
923 4308
2280 18302
1973 2099
640 3233
792 5028
1109 4786
1971 3019
2094 3628
1918 3294
341 1881
1340 7086
70 383
2422 14910
1880 14290
1184 3865
885 7388
1617 11551
423 515
1549 5831
2570 3934
1771 7762
902 1015
643 3364
1256 11185
1495 7722
1088 9436
1245 7759
994 6926
1869 11068
886 2956
570 3507
1296 2456
1064 7408
1179 5439
789 4731
381 452
2991 14187
1889 14013
1819 6973
1372 6080
1448 3795
1188 3069
632 4085
1953 14225
973 6451
1003 3283
1095 3459
750 6571
2347 4097
1318 1813
355 2098
228 2006
738 2038
928 3020
672 2720
1043 4322
1093 1817
990 7093
1385 9815
1433 2020
1199 7727
1077 4169
2217 18513
1361 7940
1556 6362
884 4506
79 285
485 1476
505 3212
594 1356
565 3534
1856 12795
942 3125
811 4644
1689 7069
1906 9744
619 822
1424 4092
610 3881
1803 8668
2206 13325
2175 18680
2330 6015
784 5476
858 7459
1126 4316
1212 7630
797 4499
389 3224
1273 5341
2936 4132
1354 3913
1682 4950
1485 9962
878 3605
881 3387
407 1356
1344 9507
1450 8331
1896 2250
491 664
182 652
1145 4865
2393 19979
2489 12457
955 7102
1114 4038
1008 2834
795 2253
2124 11571
1208 7310
2028 13588
852 3072
2130 11223
755 4355
529 3412
1188 7134
193 1190
397 1665
654 4780
831 5073
1943 7814
1197 4428
908 4720
1501 10579
644 694
1024 6540
995 5067
601 3985
236 2007
1200 10309
1129 5227
1603 5609
949 6163
960 1609
2196 5505
2109 10777
1454 7382
988 7765
1622 4849
2114 14932
453 1819
1393 8425
1361 9670
2949 9347
1415 10819
216 289
694 4187
997 8919
947 2658
1745 5428
2562 9251
1143 2092
559 4947
626 2189
1544 6828
431 769
985 4457
1942 11376
1247 8146
1098 1666
1093 6004
1624 12856
375 2410
1223 5839
2382 9487
686 2046
1292 5327
2166 16394
864 4499
1300 2960
1763 6753
369 1972
966 6214
943 3701
441 2310
1975 11724
1295 5705
857 2920
1209 3585
1941 11140
839 5924
1087 6105
2401 21042
793 949
2499 12017
1432 2759
1831 4214
363 2365
596 1008
773 813
683 3800
482 1457
1425 2865
1414 11215
611 2498
679 5569
587 740
1435 11880
2102 18483
413 2016
1052 7332
1386 4152
907 6724
880 7909
984 8017
1051 6716
2026 9305
504 1148
1857 3933
777 6349
1604 2007
1546 11680
190 1090
860 5988
1117 8208
723 5060
1267 6672
1397 3312
1873 6587
387 898
2559 11086
907 3239
640 2333
1111 3528
828 6237
479 2221
1913 11014
1897 5204
2294 15273
560 4290
2153 19145
1741 7613
1277 4907
789 6914
1516 6383
593 1758
183 761
1810 15722
996 5795
1348 5238
1249 1950
532 1219
1413 10003
253 339
840 5680
2656 4135
1090 5465
1125 8180
1346 5131
1179 3881
543 3362
631 4898
1334 5568
2010 3255
1118 7163
1535 7572
1593 2343
319 1264
720 2119
887 3948
937 2034
155 1019
1230 3089
417 492
1510 10701
721 3183
1688 6606
546 3690
1058 9055
1403 8402
1182 4343
1169 3940
1635 8182
1921 9824
1513 13159
571 3450
927 6428
625 4887
1350 6729
606 922
1877 14103
940 8457
358 3007
2028 13678
1753 6417
1354 8551
1225 4441
1424 12577
1603 6800
551 828
1546 1881
571 2322
677 6089
1160 8620
1295 7248
532 4713
670 4058
2068 6176
761 4680
699 3976
1037 3829
461 1433
1092 2485
1668 12884
2006 8565
2174 3836
1501 10657
695 1655
899 4845
1245 3626
2269 3821
1947 5775
221 1728
1127 2789
1133 4904
341 2224
1233 1641
1025 2652
1328 2481
1189 3063
1586 7687
396 1771
660 4105
1148 4124
1379 8946
595 5113
1449 8934
1229 10728
1324 4340
431 3107
614 2158
872 4234
1201 4820
1823 11169
1080 6287
1550 5846
1190 8315
1038 4648
1605 7949
750 4878
1601 1614
996 8277
878 5954
1716 5387
1182 10601
1029 4443
1237 5481
292 1373
284 2196
250 1987
1209 2255
1705 5401
1476 1812
1484 6551
1878 3751
739 5385
550 3370
1125 8543
1265 1805
1605 9237
559 2814
274 1039
913 6960
1943 8602
1356 6294
1428 5593
1181 6326
1151 10026
1774 2179
1816 4529
995 3609
1436 5015
1701 10667
1506 12838
1192 4184
1604 5000
178 1401
464 2295
1772 14894
421 1637
1655 13681
1943 8536
585 2426
518 3850
868 6321
1097 7139
1194 3820
626 2033
1362 10780
2094 7546
1785 4646
1635 1705
2066 10495
434 871
1348 3006
2118 15614
1186 5202
1678 12522
315 568
266 1787
244 587
1089 2467
2633 23374
1702 6004
1115 9893
926 5418
989 2780
1500 12361
1600 3330
615 3032
1335 5306
648 4388
666 2097
1296 5265
1475 1793
937 5561
2700 19134
1001 1124
213 1445
1015 1188
1509 7399
2189 9202
380 2580
653 3699
2295 17104
928 1044
1116 6489
2551 10580
1329 11553
379 1852
978 4780
2365 3849
1016 2460
1502 12809
1267 5838
1812 8271
771 4927
1178 5888
2047 10532
962 6239
552 1780
1246 1970
637 5146
1491 10791
587 3229
814 1124
651 2957
855 4292
1113 2052
1308 6746
1045 5991
585 1486
1892 14043
2107 14949
1265 5601
327 1067
561 5023
1261 2003
346 2612
293 1861
783 6549
981 3066
644 1656
1156 2417
1570 3899
1289 7381
884 2456
1574 14061
1164 1724
2216 14313
1441 11609
2041 14622
384 1020
857 4028
908 5781
98 309
449 1963
957 5943
1766 8832
642 1921
1361 3439
1073 5642
1415 6777
107 870
1227 5066
844 903
1089 3254
1090 5584
2116 15520
1207 2704
488 3804
148 1186
753 3931
700 1402
297 1118
579 4333
543 3668
1765 14353
445 2719
1756 10979
237 766
1661 11887
2287 7222
1038 1312
1889 12540
1162 6695
1686 11812
837 3541
959 6431
1723 2072
529 1103
2442 2587
1405 7888
2268 10987
925 4780
286 1231
905 5942
661 4442
363 3131
1279 6589
2077 8654
1116 6115
393 1710
234 455
27 115
1462 9363
1748 5957
1975 5236
926 3256
2350 14554
1857 5154
1687 13997
557 4302
2218 10824
1017 8378
2446 5242
758 2270
2203 9655
699 2700
843 1456
1073 8909
690 1854
238 1693
1738 7403
1359 11722
838 3579
127 365
951 5257
1167 1348
1739 2841
779 1741
377 944
489 492
679 2540
1228 5081
1909 12081
1629 5148
1618 12257
1070 8055
1328 9276
1650 12442
523 1023
993 3769
1128 2165
820 5790
1384 7150
1031 4177
1850 6342
1296 11449
837 3962
794 1053
1075 3785
1164 2367
1807 5265
758 6585
436 2228
1974 17738
786 3297
1139 4119
2643 10734
1260 5134
1735 7538
1504 8462
2457 8338
687 5654
876 7317
755 6503
356 3067
1281 5363
1067 1983
1254 7342
2070 15321
526 2196
1341 8940
703 2128
2006 4280
1299 9112
1236 3366
510 725
1803 14947
597 974
1458 10326
732 2351
1179 7507
1034 3778
1040 9168
1031 2794
908 1573
1482 8569
193 1736
1802 1912
1853 7343
832 6822
2232 17964
514 1402
735 932
1345 5742
724 5338
1604 12467
605 3072
883 1329
1081 7779
784 1310
1383 12348
1004 6683
2040 11748
261 1745
437 1415
533 846
1017 2869
1676 5894
757 1828
179 1015
834 1507
1513 10862
785 2181
1721 9042
1728 8500
551 3317
1358 11163
1662 13671
1018 7669
1637 12055
358 2506
432 2531
692 717
1153 6961
898 7387
1574 4957
508 1649
2019 15084
658 2064
1635 9073
1037 6741
2169 12017
1005 3460
1975 11295
1827 11804
293 1536
426 1637
1300 3507
718 1611
261 343
1431 8973
2334 8804
444 3400
1235 3665
1006 6248
1684 12681
2208 11232
1564 1564
720 2115
342 715
1852 15337
1460 9664
839 2119
1206 8131
1107 8681
63 547
564 4620
440 2147
1456 4214
1145 6880
327 1971
2261 2269
733 1364
1610 10370
28 146
1845 8906
1268 6580
1641 4825
1744 10936
1240 5080
496 2124
737 5682
1816 11504
1549 4360
1172 9283
233 722
915 3515
992 2921
191 1261
472 706
418 1820
1216 3413
1644 7789
614 3123
1299 10042
1874 9004
334 602
845 7151
382 2598
1346 3417
1095 9465
1771 5580
2008 5601
1986 4204
677 1337
1482 11311
517 3544
1115 2410
2246 6630
1769 10684
1591 12742
536 1928
1600 6983
1018 2544
2741 8549
1521 6013
487 592
276 2298
424 1418
1613 12294
1065 2742
1628 8686
198 220
510 3712
1162 5460
1727 2032
1279 3536
749 1905
1267 8971
1911 10625
362 1472
1205 9195
1567 5350
1166 6674
2293 12654
784 6264
1394 4470
2471 9897
1332 1767
2292 8524
2444 11297
623 879
1324 4018
158 258
1410 6407
1274 5202
1157 6437
1556 4612
1471 4887
1282 8430
2198 13962
2032 6036
1290 5933
1172 10250
1348 3375
1331 4756
710 2805
2029 14823
1238 4292
1532 13519
1197 2470
2014 12499
1116 3743
729 2575
711 4997
166 186
1113 1603
1459 12413
1997 10946
1145 4964
806 5521
2388 3443
1035 5423
1086 7671
342 918
1288 3270
1844 1894
1459 8812
1387 11078
1604 3881
591 4164
1048 4877
1262 4317
815 5325
2140 17921
381 1384
2357 16683
1224 10362
621 4342
779 872
1782 14125
737 5123
1881 3755
577 930
1519 2138
763 4794
400 1892
1026 3665
883 7380
1651 13317
1114 9400
518 1615
475 1957
367 1948
1347 8813
316 1284
852 2899
1031 7092
295 659
1540 11671
833 2977
695 4430
1295 2154
1087 1226
1673 4930
1032 5599
1918 2212
963 2411
1094 8603
716 5117
1568 6357
1130 9601
2247 4092
992 4840
2012 10310
1399 2488
1642 13404
1784 14871
1074 6381
1770 11216
819 3653
2515 6850
2303 4148
1295 1919
1660 4882
1194 6919
979 5890
880 1506
427 507
1471 7824
1146 7462
1476 7311
1313 5414
1964 8347
363 1673
2110 10745
270 434
731 5276
2060 7523
1827 14514
1367 10326
1268 1397
1529 9058
2021 12567
198 1708
786 2451
1387 2161
671 1213
1873 15494
1289 2469
1033 2350
1457 6752
2340 9745
1897 5969
1693 2084
454 516
837 3090
673 5348
807 4704
1469 4028
1044 1431
1872 5510
1366 4004
945 3469
593 1731
1020 4514
754 4215
2101 7651
1035 9314
306 2491
1058 5889
786 797
1531 11477
1346 7130
1105 5965
224 509
1563 9689
1203 8192
638 5445
1216 1426
1237 6962
128 1067
1082 8265
2424 18987
1104 8943
1387 2494
391 1703
2431 13254
964 1659
242 1033
2012 6962
962 7909
1086 1981
662 4904
2441 17540
1200 7303
623 5154
1409 7911
1438 7630
777 3913
1684 7550
979 8790
1896 8311
1750 6374
344 2382
1012 7923
1110 6518
878 2098
2186 3547
809 3784
651 3936
1088 8851
619 3363
767 2075
1712 10972
2309 16462
1037 4603
552 2415
1115 7153
672 2057
1104 1485
722 1992
743 6029
456 3115
1408 5448
864 6349
909 5507
2170 11711
1815 15270
626 3667
378 1120
984 5986
1750 7901
1336 10174
1221 5238
1638 8590
599 697
1296 7189
1117 6389
2178 7212
981 4719
2087 14929
323 1843
1427 3070
1204 2212
1002 5217
130 1166
1237 1601
1973 10669
529 1503
655 1821
1993 9035
874 3386
1444 1573
649 5746
1724 6982
1021 5172
422 3322
1255 6569
906 7613
1172 3647
1050 5582
206 1709
501 1400
1250 6924
1983 10083
855 1209
1062 1987
1403 3221
2015 16952
1851 13451
1909 4160
735 2892
510 3566
1211 7736
2452 21970
489 1372
1269 5287
461 1750
759 4578
1011 7851
433 2276
716 2532
334 1963
835 1124
1384 2382
178 1377
1487 13138
1108 2017
405 2371
1596 11499
624 4444
2510 4516
265 1704
347 1460
1130 2727
1141 9034
2153 8565
2023 9309
373 2345
628 2963
456 3579
2828 20066
1259 4835
780 4699
969 3970
1201 4578
674 4523
726 3823
2205 6612
624 5552
367 2427
785 2427
1512 9170
995 5682
947 7452
2030 3529
772 4023
211 285
1563 12681
2930 5931
645 782
906 3080
948 4627
1030 7604
507 3405
2031 6244
65 141
2492 8803
1595 13910
1081 8015
1224 9547
1234 7572
686 3310
1035 4874
1925 4596
1460 5665
1710 4188
1554 1868
1123 7550
2134 9768
1815 14868
190 292
1501 9373
534 666
963 7714
506 3861
714 1447
534 1569
270 351
1783 7140
969 3370
1280 2152
631 2001
1392 10850
301 2171
2564 14437
1291 3686
432 1707
854 3081
1163 2211
183 835
629 5177
1919 10125
700 1444
1315 7703
685 4277
725 4651
1099 1560
504 4132
2273 9408
1163 2865
1834 4781
1579 9446
371 905
236 2109
373 2330
2353 8140
1568 12089
1686 12903
1228 3310
840 1717
1640 6859
380 445
1850 13612
791 5373
1367 9610
241 1302
1141 9578
291 400
1204 9582
810 4274
125 600
2472 3425
1070 8212
1379 4144
736 5052
2091 7978
2300 17811
1892 8976
1497 3650
854 1283
1108 9574
490 678
268 271
1828 4620
297 2134
1360 5818
1540 4957
1400 3035
511 1014
622 1135
197 1394
1111 6256
1824 14353
668 3126
1924 5540
783 2140
1550 11429
2375 14724
1176 3646
712 5098
1084 1500
856 6709
437 3804
894 4698
1541 6792
1307 9029
829 4338
2214 17698
1524 9030
1113 3418
1516 12446
1951 2890
1463 6791
501 2958
105 143
1367 1851
932 3269
803 5468
698 1738
1660 11807
795 4330
1584 11469
2137 12777
391 1804
1692 3055
578 782
918 2006
172 1073
638 1745
2163 2789
976 6219
1684 12367
744 3417
132 956
977 6496
1115 8572
1562 2261
961 2014
1673 14217
1215 2635
2088 12085
403 1690
289 491
42 255
324 2110
1528 11694
1821 11271
405 647
2117 11278
2233 6770
390 2482
1221 7117
408 3333
1850 15432
211 1141
1806 5298
1304 5710
