Build started 11.04.2015 11:08:01.
     1>Project "C:\Users\Andrejka\documents\visual studio 2010\Projects\Піцерская Лалба 4 вінапі\Рафік-графік\Рафік-графік.vcxproj" on node 2 (build target(s)).
     1>InitializeBuildStatus:
         Creating "Debug\Рафік-графік.unsuccessfulbuild" because "AlwaysCreate" was specified.
       ClCompile:
         C:\Program Files (x86)\Microsoft Visual Studio 10.0\VC\bin\CL.exe /c /ZI /nologo /W3 /WX- /Od /Oy- /D WIN32 /D _DEBUG /D _WINDOWS /D _UNICODE /D UNICODE /Gm /EHsc /RTC1 /MDd /GS /fp:precise /Zc:wchar_t /Zc:forScope /Fo"Debug\\" /Fd"Debug\vc100.pdb" /Gd /TP /analyze- /errorReport:prompt "Графег.cpp"
         Графег.cpp
     1>c:\users\andrejka\documents\visual studio 2010\projects\піцерская лалба 4 вінапі\рафік-графік\графег.cpp(111): warning C4244: 'argument' : conversion from 'double' to 'int', possible loss of data
     1>c:\users\andrejka\documents\visual studio 2010\projects\піцерская лалба 4 вінапі\рафік-графік\графег.cpp(111): warning C4244: 'argument' : conversion from 'double' to 'int', possible loss of data
     1>c:\users\andrejka\documents\visual studio 2010\projects\піцерская лалба 4 вінапі\рафік-графік\графег.cpp(112): warning C4244: 'argument' : conversion from 'double' to 'int', possible loss of data
     1>c:\users\andrejka\documents\visual studio 2010\projects\піцерская лалба 4 вінапі\рафік-графік\графег.cpp(112): warning C4244: 'argument' : conversion from 'double' to 'int', possible loss of data
     1>c:\users\andrejka\documents\visual studio 2010\projects\піцерская лалба 4 вінапі\рафік-графік\графег.cpp(114): warning C4244: 'argument' : conversion from 'double' to 'int', possible loss of data
     1>c:\users\andrejka\documents\visual studio 2010\projects\піцерская лалба 4 вінапі\рафік-графік\графег.cpp(114): warning C4996: 'itoa': The POSIX name for this item is deprecated. Instead, use the ISO C++ conformant name: _itoa. See online help for details.
                 c:\program files (x86)\microsoft visual studio 10.0\vc\include\stdlib.h(867) : see declaration of 'itoa'
     1>c:\users\andrejka\documents\visual studio 2010\projects\піцерская лалба 4 вінапі\рафік-графік\графег.cpp(115): warning C4244: 'argument' : conversion from 'double' to 'int', possible loss of data
     1>c:\users\andrejka\documents\visual studio 2010\projects\піцерская лалба 4 вінапі\рафік-графік\графег.cpp(115): warning C4996: 'itoa': The POSIX name for this item is deprecated. Instead, use the ISO C++ conformant name: _itoa. See online help for details.
                 c:\program files (x86)\microsoft visual studio 10.0\vc\include\stdlib.h(867) : see declaration of 'itoa'
       Link:
         C:\Program Files (x86)\Microsoft Visual Studio 10.0\VC\bin\link.exe /ERRORREPORT:PROMPT /OUT:"C:\Users\Andrejka\documents\visual studio 2010\Projects\Піцерская Лалба 4 вінапі\Debug\Рафік-графік.exe" /INCREMENTAL:NO /NOLOGO kernel32.lib user32.lib gdi32.lib winspool.lib comdlg32.lib advapi32.lib shell32.lib ole32.lib oleaut32.lib uuid.lib odbc32.lib odbccp32.lib /MANIFEST /ManifestFile:"Debug\Рафік-графік.exe.intermediate.manifest" /MANIFESTUAC:"level='asInvoker' uiAccess='false'" /DEBUG /PDB:"C:\Users\Andrejka\documents\visual studio 2010\Projects\Піцерская Лалба 4 вінапі\Debug\Рафік-графік.pdb" /SUBSYSTEM:WINDOWS /TLBID:1 /DYNAMICBASE /NXCOMPAT /IMPLIB:"C:\Users\Andrejka\documents\visual studio 2010\Projects\Піцерская Лалба 4 вінапі\Debug\Рафік-графік.lib" /MACHINE:X86 "Debug\Графег.obj"
     1>Графег.obj : warning LNK4075: ignoring '/EDITANDCONTINUE' due to '/INCREMENTAL:NO' specification
         Рафік-графік.vcxproj -> C:\Users\Andrejka\documents\visual studio 2010\Projects\Піцерская Лалба 4 вінапі\Debug\Рафік-графік.exe
       Manifest:
         C:\Program Files (x86)\Microsoft SDKs\Windows\v7.0A\bin\mt.exe /nologo /verbose /outputresource:"C:\Users\Andrejka\documents\visual studio 2010\Projects\Піцерская Лалба 4 вінапі\Debug\Рафік-графік.exe;#1" /manifest "Debug\Рафік-графік.exe.intermediate.manifest"
       FinalizeBuildStatus:
         Deleting file "Debug\Рафік-графік.unsuccessfulbuild".
         Touching "Debug\Рафік-графік.lastbuildstate".
     1>Done Building Project "C:\Users\Andrejka\documents\visual studio 2010\Projects\Піцерская Лалба 4 вінапі\Рафік-графік\Рафік-графік.vcxproj" (build target(s)).

Build succeeded.

Time Elapsed 00:00:04.94
