Построение начато 12.05.2015 11:34:22.
     1>Проект "C:\Users\Andrejka\documents\visual studio 2012\Projects\Вучэбная практыка 4\Тэставая задача\Тэставая задача.vcxproj" в узле 2 (целевые объекты Build).
     1>InitializeBuildStatus:
         Создание "Debug\Тэставая задача.unsuccessfulbuild", так как было задано "AlwaysCreate".
       ClCompile:
         C:\Program Files (x86)\Microsoft Visual Studio 11.0\VC\bin\CL.exe /c /ZI /nologo /W3 /WX- /Od /Oy- /D WIN32 /D _DEBUG /D _WINDOWS /D _UNICODE /D UNICODE /Gm /EHsc /RTC1 /MDd /GS /fp:precise /Zc:wchar_t /Zc:forScope /Fo"Debug\\" /Fd"Debug\vc110.pdb" /Gd /TP /analyze- /errorReport:prompt "Тэставая задача.cpp"
         Тэставая задача.cpp
     1>c:\users\andrejka\documents\visual studio 2012\projects\вучэбная практыка 4\тэставая задача\тэставая задача.cpp(86): warning C4018: <: несоответствие типов со знаком и без знака
     1>c:\users\andrejka\documents\visual studio 2012\projects\вучэбная практыка 4\тэставая задача\тэставая задача.cpp(117): warning C4018: >=: несоответствие типов со знаком и без знака
     1>c:\users\andrejka\documents\visual studio 2012\projects\вучэбная практыка 4\тэставая задача\тэставая задача.cpp(121): warning C4018: <: несоответствие типов со знаком и без знака
     1>c:\users\andrejka\documents\visual studio 2012\projects\вучэбная практыка 4\тэставая задача\тэставая задача.cpp(141): warning C4018: <: несоответствие типов со знаком и без знака
     1>c:\users\andrejka\documents\visual studio 2012\projects\вучэбная практыка 4\тэставая задача\тэставая задача.cpp(161): warning C4018: <: несоответствие типов со знаком и без знака
     1>c:\users\andrejka\documents\visual studio 2012\projects\вучэбная практыка 4\тэставая задача\тэставая задача.cpp(163): warning C4996: 'sprintf': This function or variable may be unsafe. Consider using sprintf_s instead. To disable deprecation, use _CRT_SECURE_NO_WARNINGS. See online help for details.
                 c:\program files (x86)\microsoft visual studio 11.0\vc\include\stdio.h(357): см. объявление "sprintf"
     1>c:\users\andrejka\documents\visual studio 2012\projects\вучэбная практыка 4\тэставая задача\тэставая задача.cpp(81): warning C4101: f: неиспользованная локальная переменная
       ResourceCompile:
         Для всех выходных данных обновления не требуется.
       Link:
         C:\Program Files (x86)\Microsoft Visual Studio 11.0\VC\bin\link.exe /ERRORREPORT:PROMPT /OUT:"C:\Users\Andrejka\documents\visual studio 2012\Projects\Вучэбная практыка 4\Debug\Тэставая задача.exe" /INCREMENTAL /NOLOGO kernel32.lib user32.lib gdi32.lib winspool.lib comdlg32.lib advapi32.lib shell32.lib ole32.lib oleaut32.lib uuid.lib odbc32.lib odbccp32.lib /MANIFEST /MANIFESTUAC:"level='asInvoker' uiAccess='false'" /manifest:embed /DEBUG /PDB:"C:\Users\Andrejka\documents\visual studio 2012\Projects\Вучэбная практыка 4\Debug\Тэставая задача.pdb" /SUBSYSTEM:WINDOWS /TLBID:1 /DYNAMICBASE /NXCOMPAT /IMPLIB:"C:\Users\Andrejka\documents\visual studio 2012\Projects\Вучэбная практыка 4\Debug\Тэставая задача.lib" /MACHINE:X86 "Debug\Тэставая задача.res"
         "Debug\Тэставая задача.obj"
         Тэставая задача.vcxproj -> C:\Users\Andrejka\documents\visual studio 2012\Projects\Вучэбная практыка 4\Debug\Тэставая задача.exe
       FinalizeBuildStatus:
         Файл "Debug\Тэставая задача.unsuccessfulbuild" удаляется.
         Обращение к "Debug\Тэставая задача.lastbuildstate".
     1>Построение проекта "C:\Users\Andrejka\documents\visual studio 2012\Projects\Вучэбная практыка 4\Тэставая задача\Тэставая задача.vcxproj" завершено (целевые объекты Build).

Построение успешно завершено.

Затраченное время: 00:00:06.03
