Построение начато 15.05.2015 11:03:16.
     1>Проект "C:\Users\Andrejka\Documents\Visual Studio 2012\Projects\Лаба 4 вінапі\Задача пра дыяграму\Задача пра дыяграму.vcxproj" в узле 2 (целевые объекты Build).
     1>InitializeBuildStatus:
         Создание "Debug\Кантрольная работа Кліцуноў.unsuccessfulbuild", так как было задано "AlwaysCreate".
       ClCompile:
         C:\Program Files (x86)\Microsoft Visual Studio 11.0\VC\bin\CL.exe /c /ZI /nologo /W3 /WX- /Od /Oy- /D WIN32 /D _DEBUG /D _WINDOWS /D _UNICODE /D UNICODE /Gm /EHsc /RTC1 /MDd /GS /fp:precise /Zc:wchar_t /Zc:forScope /Fo"Debug\\" /Fd"Debug\vc110.pdb" /Gd /TP /analyze- /errorReport:prompt "Кантрольная.cpp"
         Кантрольная.cpp
     1>c:\users\andrejka\documents\visual studio 2012\projects\лаба 4 вінапі\задача пра дыяграму\кантрольная.cpp(122): warning C4018: <: несоответствие типов со знаком и без знака
     1>c:\users\andrejka\documents\visual studio 2012\projects\лаба 4 вінапі\задача пра дыяграму\кантрольная.cpp(137): warning C4018: <: несоответствие типов со знаком и без знака
     1>c:\users\andrejka\documents\visual studio 2012\projects\лаба 4 вінапі\задача пра дыяграму\кантрольная.cpp(147): warning C4996: 'strcpy': This function or variable may be unsafe. Consider using strcpy_s instead. To disable deprecation, use _CRT_SECURE_NO_WARNINGS. See online help for details.
                 c:\program files (x86)\microsoft visual studio 11.0\vc\include\string.h(110): см. объявление "strcpy"
     1>c:\users\andrejka\documents\visual studio 2012\projects\лаба 4 вінапі\задача пра дыяграму\кантрольная.cpp(159): warning C4018: <: несоответствие типов со знаком и без знака
     1>c:\users\andrejka\documents\visual studio 2012\projects\лаба 4 вінапі\задача пра дыяграму\кантрольная.cpp(168): warning C4018: <: несоответствие типов со знаком и без знака
     1>c:\users\andrejka\documents\visual studio 2012\projects\лаба 4 вінапі\задача пра дыяграму\кантрольная.cpp(180): warning C4018: <: несоответствие типов со знаком и без знака
     1>c:\users\andrejka\documents\visual studio 2012\projects\лаба 4 вінапі\задача пра дыяграму\кантрольная.cpp(225): warning C4018: <: несоответствие типов со знаком и без знака
     1>c:\users\andrejka\documents\visual studio 2012\projects\лаба 4 вінапі\задача пра дыяграму\кантрольная.cpp(83): warning C4101: hbr: неиспользованная локальная переменная
     1>c:\users\andrejka\documents\visual studio 2012\projects\лаба 4 вінапі\задача пра дыяграму\кантрольная.cpp(75): warning C4101: buf: неиспользованная локальная переменная
     1>c:\users\andrejka\documents\visual studio 2012\projects\лаба 4 вінапі\задача пра дыяграму\кантрольная.cpp(254): warning C4018: <: несоответствие типов со знаком и без знака
     1>c:\users\andrejka\documents\visual studio 2012\projects\лаба 4 вінапі\задача пра дыяграму\кантрольная.cpp(257): warning C4996: 'strcpy': This function or variable may be unsafe. Consider using strcpy_s instead. To disable deprecation, use _CRT_SECURE_NO_WARNINGS. See online help for details.
                 c:\program files (x86)\microsoft visual studio 11.0\vc\include\string.h(110): см. объявление "strcpy"
       ResourceCompile:
         Для всех выходных данных обновления не требуется.
       Link:
         C:\Program Files (x86)\Microsoft Visual Studio 11.0\VC\bin\link.exe /ERRORREPORT:PROMPT /OUT:"c:\users\andrejka\documents\visual studio 2012\Projects\Кантрольная работа Кліцуноў\Debug\Кантрольная работа Кліцуноў.exe" /INCREMENTAL /NOLOGO kernel32.lib user32.lib gdi32.lib winspool.lib comdlg32.lib advapi32.lib shell32.lib ole32.lib oleaut32.lib uuid.lib odbc32.lib odbccp32.lib /MANIFEST /MANIFESTUAC:"level='asInvoker' uiAccess='false'" /manifest:embed /DEBUG /PDB:"c:\users\andrejka\documents\visual studio 2012\Projects\Кантрольная работа Кліцуноў\Debug\Кантрольная работа Кліцуноў.pdb" /SUBSYSTEM:WINDOWS /TLBID:1 /DYNAMICBASE /NXCOMPAT /IMPLIB:"c:\users\andrejka\documents\visual studio 2012\Projects\Кантрольная работа Кліцуноў\Debug\Кантрольная работа Кліцуноў.lib" /MACHINE:X86 "Debug\Кантрольная работа Кліцуноў.res"
         "Debug\Кантрольная.obj"
         Задача пра дыяграму.vcxproj -> c:\users\andrejka\documents\visual studio 2012\Projects\Кантрольная работа Кліцуноў\Debug\Кантрольная работа Кліцуноў.exe
       FinalizeBuildStatus:
         Файл "Debug\Кантрольная работа Кліцуноў.unsuccessfulbuild" удаляется.
         Обращение к "Debug\Кантрольная работа Кліцуноў.lastbuildstate".
     1>Построение проекта "C:\Users\Andrejka\Documents\Visual Studio 2012\Projects\Лаба 4 вінапі\Задача пра дыяграму\Задача пра дыяграму.vcxproj" завершено (целевые объекты Build).

Построение успешно завершено.

Затраченное время: 00:00:05.47
