C:\USERS\ANDREJKA\DOCUMENTS\VISUAL STUDIO 2012\PROJECTS\Лаба 4 вінапі\Задача пра дыяграму\DEBUG\ДыяграмаCPP.OBJ
C:\USERS\ANDREJKA\DOCUMENTS\VISUAL STUDIO 2012\PROJECTS\ЛАБА 4 ВІНАПІ\ЗАДАЧА ПРА ДЫЯГРАМУ\DEBUG\VC110.PDB
C:\USERS\ANDREJKA\DOCUMENTS\VISUAL STUDIO 2012\PROJECTS\Лаба 4 вінапі\Задача пра дыяграму\DEBUG\Кантрольная.OBJ
C:\USERS\ANDREJKA\DOCUMENTS\VISUAL STUDIO 2012\PROJECTS\Лаба 4 вінапі\DEBUG\Задача пра дыяграму.ILK
C:\USERS\ANDREJKA\DOCUMENTS\VISUAL STUDIO 2012\PROJECTS\Лаба 4 вінапі\DEBUG\Задача пра дыяграму.EXE
C:\USERS\ANDREJKA\DOCUMENTS\VISUAL STUDIO 2012\PROJECTS\ЛАБА 4 ВІНАПІ\DEBUG\ЗАДАЧА ПРА ДЫЯГРАМУ.PDB
C:\USERS\ANDREJKA\DOCUMENTS\VISUAL STUDIO 2012\PROJECTS\Кантрольная работа Кліцуноў\DEBUG\Кантрольная работа Кліцуноў.ILK
C:\USERS\ANDREJKA\DOCUMENTS\VISUAL STUDIO 2012\PROJECTS\Кантрольная работа Кліцуноў\DEBUG\Кантрольная работа Кліцуноў.EXE
C:\USERS\ANDREJKA\DOCUMENTS\VISUAL STUDIO 2012\PROJECTS\КАНТРОЛЬНАЯ РАБОТА КЛІЦУНОЎ\DEBUG\КАНТРОЛЬНАЯ РАБОТА КЛІЦУНОЎ.PDB
C:\USERS\ANDREJKA\DOCUMENTS\VISUAL STUDIO 2012\PROJECTS\Лаба 4 вінапі\Задача пра дыяграму\DEBUG\Задача пра дыяграму.RES
C:\Users\Andrejka\Documents\Visual Studio 2012\Projects\Лаба 4 вінапі\Задача пра дыяграму\Debug\Дыяграмаcpp.obj
C:\Users\Andrejka\Documents\Visual Studio 2012\Projects\Лаба 4 вінапі\Задача пра дыяграму\Debug\cl.command.1.tlog
C:\Users\Andrejka\Documents\Visual Studio 2012\Projects\Лаба 4 вінапі\Задача пра дыяграму\Debug\CL.read.1.tlog
C:\Users\Andrejka\Documents\Visual Studio 2012\Projects\Лаба 4 вінапі\Задача пра дыяграму\Debug\CL.write.1.tlog
C:\Users\Andrejka\Documents\Visual Studio 2012\Projects\Лаба 4 вінапі\Задача пра дыяграму\Debug\link-cvtres.read.1.tlog
C:\Users\Andrejka\Documents\Visual Studio 2012\Projects\Лаба 4 вінапі\Задача пра дыяграму\Debug\link-cvtres.write.1.tlog
C:\Users\Andrejka\Documents\Visual Studio 2012\Projects\Лаба 4 вінапі\Задача пра дыяграму\Debug\link-rc.read.1.tlog
C:\Users\Andrejka\Documents\Visual Studio 2012\Projects\Лаба 4 вінапі\Задача пра дыяграму\Debug\link-rc.write.1.tlog
C:\Users\Andrejka\Documents\Visual Studio 2012\Projects\Лаба 4 вінапі\Задача пра дыяграму\Debug\link.1956-cvtres.read.1.tlog
C:\Users\Andrejka\Documents\Visual Studio 2012\Projects\Лаба 4 вінапі\Задача пра дыяграму\Debug\link.1956-cvtres.write.1.tlog
C:\Users\Andrejka\Documents\Visual Studio 2012\Projects\Лаба 4 вінапі\Задача пра дыяграму\Debug\link.1956-rc.read.1.tlog
C:\Users\Andrejka\Documents\Visual Studio 2012\Projects\Лаба 4 вінапі\Задача пра дыяграму\Debug\link.1956-rc.write.1.tlog
C:\Users\Andrejka\Documents\Visual Studio 2012\Projects\Лаба 4 вінапі\Задача пра дыяграму\Debug\link.1956.read.1.tlog
C:\Users\Andrejka\Documents\Visual Studio 2012\Projects\Лаба 4 вінапі\Задача пра дыяграму\Debug\link.1956.write.1.tlog
C:\Users\Andrejka\Documents\Visual Studio 2012\Projects\Лаба 4 вінапі\Задача пра дыяграму\Debug\link.2072-cvtres.read.1.tlog
C:\Users\Andrejka\Documents\Visual Studio 2012\Projects\Лаба 4 вінапі\Задача пра дыяграму\Debug\link.2072-cvtres.write.1.tlog
C:\Users\Andrejka\Documents\Visual Studio 2012\Projects\Лаба 4 вінапі\Задача пра дыяграму\Debug\link.2072-rc.read.1.tlog
C:\Users\Andrejka\Documents\Visual Studio 2012\Projects\Лаба 4 вінапі\Задача пра дыяграму\Debug\link.2072-rc.write.1.tlog
C:\Users\Andrejka\Documents\Visual Studio 2012\Projects\Лаба 4 вінапі\Задача пра дыяграму\Debug\link.2072.read.1.tlog
C:\Users\Andrejka\Documents\Visual Studio 2012\Projects\Лаба 4 вінапі\Задача пра дыяграму\Debug\link.2072.write.1.tlog
C:\Users\Andrejka\Documents\Visual Studio 2012\Projects\Лаба 4 вінапі\Задача пра дыяграму\Debug\link.2620-cvtres.read.1.tlog
C:\Users\Andrejka\Documents\Visual Studio 2012\Projects\Лаба 4 вінапі\Задача пра дыяграму\Debug\link.2620-cvtres.write.1.tlog
C:\Users\Andrejka\Documents\Visual Studio 2012\Projects\Лаба 4 вінапі\Задача пра дыяграму\Debug\link.2620-rc.read.1.tlog
C:\Users\Andrejka\Documents\Visual Studio 2012\Projects\Лаба 4 вінапі\Задача пра дыяграму\Debug\link.2620-rc.write.1.tlog
C:\Users\Andrejka\Documents\Visual Studio 2012\Projects\Лаба 4 вінапі\Задача пра дыяграму\Debug\link.2620.read.1.tlog
C:\Users\Andrejka\Documents\Visual Studio 2012\Projects\Лаба 4 вінапі\Задача пра дыяграму\Debug\link.2620.write.1.tlog
C:\Users\Andrejka\Documents\Visual Studio 2012\Projects\Лаба 4 вінапі\Задача пра дыяграму\Debug\link.3192-cvtres.read.1.tlog
C:\Users\Andrejka\Documents\Visual Studio 2012\Projects\Лаба 4 вінапі\Задача пра дыяграму\Debug\link.3192-cvtres.write.1.tlog
C:\Users\Andrejka\Documents\Visual Studio 2012\Projects\Лаба 4 вінапі\Задача пра дыяграму\Debug\link.3192-rc.read.1.tlog
C:\Users\Andrejka\Documents\Visual Studio 2012\Projects\Лаба 4 вінапі\Задача пра дыяграму\Debug\link.3192-rc.write.1.tlog
C:\Users\Andrejka\Documents\Visual Studio 2012\Projects\Лаба 4 вінапі\Задача пра дыяграму\Debug\link.3192.read.1.tlog
C:\Users\Andrejka\Documents\Visual Studio 2012\Projects\Лаба 4 вінапі\Задача пра дыяграму\Debug\link.3192.write.1.tlog
C:\Users\Andrejka\Documents\Visual Studio 2012\Projects\Лаба 4 вінапі\Задача пра дыяграму\Debug\link.3376-cvtres.read.1.tlog
C:\Users\Andrejka\Documents\Visual Studio 2012\Projects\Лаба 4 вінапі\Задача пра дыяграму\Debug\link.3376-cvtres.write.1.tlog
C:\Users\Andrejka\Documents\Visual Studio 2012\Projects\Лаба 4 вінапі\Задача пра дыяграму\Debug\link.3376-rc.read.1.tlog
C:\Users\Andrejka\Documents\Visual Studio 2012\Projects\Лаба 4 вінапі\Задача пра дыяграму\Debug\link.3376-rc.write.1.tlog
C:\Users\Andrejka\Documents\Visual Studio 2012\Projects\Лаба 4 вінапі\Задача пра дыяграму\Debug\link.3376.read.1.tlog
C:\Users\Andrejka\Documents\Visual Studio 2012\Projects\Лаба 4 вінапі\Задача пра дыяграму\Debug\link.3376.write.1.tlog
C:\Users\Andrejka\Documents\Visual Studio 2012\Projects\Лаба 4 вінапі\Задача пра дыяграму\Debug\link.3572-cvtres.read.1.tlog
C:\Users\Andrejka\Documents\Visual Studio 2012\Projects\Лаба 4 вінапі\Задача пра дыяграму\Debug\link.3572-cvtres.write.1.tlog
C:\Users\Andrejka\Documents\Visual Studio 2012\Projects\Лаба 4 вінапі\Задача пра дыяграму\Debug\link.3572-rc.read.1.tlog
C:\Users\Andrejka\Documents\Visual Studio 2012\Projects\Лаба 4 вінапі\Задача пра дыяграму\Debug\link.3572-rc.write.1.tlog
C:\Users\Andrejka\Documents\Visual Studio 2012\Projects\Лаба 4 вінапі\Задача пра дыяграму\Debug\link.3572.read.1.tlog
C:\Users\Andrejka\Documents\Visual Studio 2012\Projects\Лаба 4 вінапі\Задача пра дыяграму\Debug\link.3572.write.1.tlog
C:\Users\Andrejka\Documents\Visual Studio 2012\Projects\Лаба 4 вінапі\Задача пра дыяграму\Debug\link.3604-cvtres.read.1.tlog
C:\Users\Andrejka\Documents\Visual Studio 2012\Projects\Лаба 4 вінапі\Задача пра дыяграму\Debug\link.3604-cvtres.write.1.tlog
C:\Users\Andrejka\Documents\Visual Studio 2012\Projects\Лаба 4 вінапі\Задача пра дыяграму\Debug\link.3604-rc.read.1.tlog
C:\Users\Andrejka\Documents\Visual Studio 2012\Projects\Лаба 4 вінапі\Задача пра дыяграму\Debug\link.3604-rc.write.1.tlog
C:\Users\Andrejka\Documents\Visual Studio 2012\Projects\Лаба 4 вінапі\Задача пра дыяграму\Debug\link.3604.read.1.tlog
C:\Users\Andrejka\Documents\Visual Studio 2012\Projects\Лаба 4 вінапі\Задача пра дыяграму\Debug\link.3604.write.1.tlog
C:\Users\Andrejka\Documents\Visual Studio 2012\Projects\Лаба 4 вінапі\Задача пра дыяграму\Debug\link.4152-cvtres.read.1.tlog
C:\Users\Andrejka\Documents\Visual Studio 2012\Projects\Лаба 4 вінапі\Задача пра дыяграму\Debug\link.4152-cvtres.write.1.tlog
C:\Users\Andrejka\Documents\Visual Studio 2012\Projects\Лаба 4 вінапі\Задача пра дыяграму\Debug\link.4152-rc.read.1.tlog
C:\Users\Andrejka\Documents\Visual Studio 2012\Projects\Лаба 4 вінапі\Задача пра дыяграму\Debug\link.4152-rc.write.1.tlog
C:\Users\Andrejka\Documents\Visual Studio 2012\Projects\Лаба 4 вінапі\Задача пра дыяграму\Debug\link.4152.read.1.tlog
C:\Users\Andrejka\Documents\Visual Studio 2012\Projects\Лаба 4 вінапі\Задача пра дыяграму\Debug\link.4152.write.1.tlog
C:\Users\Andrejka\Documents\Visual Studio 2012\Projects\Лаба 4 вінапі\Задача пра дыяграму\Debug\link.4996-cvtres.read.1.tlog
C:\Users\Andrejka\Documents\Visual Studio 2012\Projects\Лаба 4 вінапі\Задача пра дыяграму\Debug\link.4996-cvtres.write.1.tlog
C:\Users\Andrejka\Documents\Visual Studio 2012\Projects\Лаба 4 вінапі\Задача пра дыяграму\Debug\link.4996-rc.read.1.tlog
C:\Users\Andrejka\Documents\Visual Studio 2012\Projects\Лаба 4 вінапі\Задача пра дыяграму\Debug\link.4996-rc.write.1.tlog
C:\Users\Andrejka\Documents\Visual Studio 2012\Projects\Лаба 4 вінапі\Задача пра дыяграму\Debug\link.4996.read.1.tlog
C:\Users\Andrejka\Documents\Visual Studio 2012\Projects\Лаба 4 вінапі\Задача пра дыяграму\Debug\link.4996.write.1.tlog
C:\Users\Andrejka\Documents\Visual Studio 2012\Projects\Лаба 4 вінапі\Задача пра дыяграму\Debug\link.5044-cvtres.read.1.tlog
C:\Users\Andrejka\Documents\Visual Studio 2012\Projects\Лаба 4 вінапі\Задача пра дыяграму\Debug\link.5044-cvtres.write.1.tlog
C:\Users\Andrejka\Documents\Visual Studio 2012\Projects\Лаба 4 вінапі\Задача пра дыяграму\Debug\link.5044-rc.read.1.tlog
C:\Users\Andrejka\Documents\Visual Studio 2012\Projects\Лаба 4 вінапі\Задача пра дыяграму\Debug\link.5044-rc.write.1.tlog
C:\Users\Andrejka\Documents\Visual Studio 2012\Projects\Лаба 4 вінапі\Задача пра дыяграму\Debug\link.5044.read.1.tlog
C:\Users\Andrejka\Documents\Visual Studio 2012\Projects\Лаба 4 вінапі\Задача пра дыяграму\Debug\link.5044.write.1.tlog
C:\Users\Andrejka\Documents\Visual Studio 2012\Projects\Лаба 4 вінапі\Задача пра дыяграму\Debug\link.8232-cvtres.read.1.tlog
C:\Users\Andrejka\Documents\Visual Studio 2012\Projects\Лаба 4 вінапі\Задача пра дыяграму\Debug\link.8232-cvtres.write.1.tlog
C:\Users\Andrejka\Documents\Visual Studio 2012\Projects\Лаба 4 вінапі\Задача пра дыяграму\Debug\link.8232-rc.read.1.tlog
C:\Users\Andrejka\Documents\Visual Studio 2012\Projects\Лаба 4 вінапі\Задача пра дыяграму\Debug\link.8232-rc.write.1.tlog
C:\Users\Andrejka\Documents\Visual Studio 2012\Projects\Лаба 4 вінапі\Задача пра дыяграму\Debug\link.8232.read.1.tlog
C:\Users\Andrejka\Documents\Visual Studio 2012\Projects\Лаба 4 вінапі\Задача пра дыяграму\Debug\link.8232.write.1.tlog
C:\Users\Andrejka\Documents\Visual Studio 2012\Projects\Лаба 4 вінапі\Задача пра дыяграму\Debug\link.command.1.tlog
C:\Users\Andrejka\Documents\Visual Studio 2012\Projects\Лаба 4 вінапі\Задача пра дыяграму\Debug\link.read.1.tlog
C:\Users\Andrejka\Documents\Visual Studio 2012\Projects\Лаба 4 вінапі\Задача пра дыяграму\Debug\link.write.1.tlog
C:\Users\Andrejka\Documents\Visual Studio 2012\Projects\Лаба 4 вінапі\Задача пра дыяграму\Debug\rc.command.1.tlog
C:\Users\Andrejka\Documents\Visual Studio 2012\Projects\Лаба 4 вінапі\Задача пра дыяграму\Debug\rc.read.1.tlog
C:\Users\Andrejka\Documents\Visual Studio 2012\Projects\Лаба 4 вінапі\Задача пра дыяграму\Debug\rc.write.1.tlog
C:\Users\Andrejka\Documents\Visual Studio 2012\Projects\Лаба 4 вінапі\Задача пра дыяграму\Debug\Задача пра дыяграму.res
C:\Users\Andrejka\Documents\Visual Studio 2012\Projects\Лаба 4 вінапі\Задача пра дыяграму\Debug\vc110.idb
C:\Users\Andrejka\Documents\Visual Studio 2012\Projects\Лаба 4 вінапі\Задача пра дыяграму\Debug\vc110.pdb
c:\users\andrejka\documents\visual studio 2012\Projects\Кантрольная работа Кліцуноў\Debug\Кантрольная работа Кліцуноў.pdb
c:\users\andrejka\documents\visual studio 2012\Projects\Кантрольная работа Кліцуноў\Debug\Кантрольная работа Кліцуноў.exe
c:\users\andrejka\documents\visual studio 2012\Projects\Кантрольная работа Кліцуноў\Debug\Кантрольная работа Кліцуноў.ilk
