Построение начато 28.04.2015 23:23:21.
     1>Проект "C:\Users\Andrejka\Documents\Visual Studio 2012\Projects\Лаба 4 вінапі\Калічныя спіс\Калічныя спіс.vcxproj" в узле 2 (целевые объекты Build).
     1>InitializeBuildStatus:
         Создание "Debug\Калічныя спіс.unsuccessfulbuild", так как было задано "AlwaysCreate".
       ClCompile:
         C:\Program Files (x86)\Microsoft Visual Studio 11.0\VC\bin\CL.exe /c /ZI /nologo /W3 /WX- /Od /Oy- /D WIN32 /D _DEBUG /D _WINDOWS /D _UNICODE /D UNICODE /Gm /EHsc /RTC1 /MDd /GS /fp:precise /Zc:wchar_t /Zc:forScope /Fo"Debug\\" /Fd"Debug\vc110.pdb" /Gd /TP /analyze- /errorReport:prompt "Спіс.cpp"
         Спіс.cpp
     1>c:\users\andrejka\documents\visual studio 2012\projects\лаба 4 вінапі\калічныя спіс\спіс.cpp(39): warning C4996: 'strcpy': This function or variable may be unsafe. Consider using strcpy_s instead. To disable deprecation, use _CRT_SECURE_NO_WARNINGS. See online help for details.
                 c:\program files (x86)\microsoft visual studio 11.0\vc\include\string.h(110): см. объявление "strcpy"
       ResourceCompile:
         C:\Program Files (x86)\Windows Kits\8.0\bin\x86\rc.exe /D _UNICODE /D UNICODE /l"0x0409" /nologo /fo"Debug\Калічныя спіс.res" "Калічныя спіс.rc" 
       Link:
         C:\Program Files (x86)\Microsoft Visual Studio 11.0\VC\bin\link.exe /ERRORREPORT:PROMPT /OUT:"C:\Users\Andrejka\Documents\Visual Studio 2012\Projects\Лаба 4 вінапі\Debug\Калічныя спіс.exe" /INCREMENTAL /NOLOGO kernel32.lib user32.lib gdi32.lib winspool.lib comdlg32.lib advapi32.lib shell32.lib ole32.lib oleaut32.lib uuid.lib odbc32.lib odbccp32.lib /MANIFEST /MANIFESTUAC:"level='asInvoker' uiAccess='false'" /manifest:embed /DEBUG /PDB:"C:\Users\Andrejka\Documents\Visual Studio 2012\Projects\Лаба 4 вінапі\Debug\Калічныя спіс.pdb" /SUBSYSTEM:WINDOWS /TLBID:1 /DYNAMICBASE /NXCOMPAT /IMPLIB:"C:\Users\Andrejka\Documents\Visual Studio 2012\Projects\Лаба 4 вінапі\Debug\Калічныя спіс.lib" /MACHINE:X86 "Debug\Калічныя спіс.res"
         "Debug\Спіс.obj"
         Калічныя спіс.vcxproj -> C:\Users\Andrejka\Documents\Visual Studio 2012\Projects\Лаба 4 вінапі\Debug\Калічныя спіс.exe
       FinalizeBuildStatus:
         Файл "Debug\Калічныя спіс.unsuccessfulbuild" удаляется.
         Обращение к "Debug\Калічныя спіс.lastbuildstate".
     1>Построение проекта "C:\Users\Andrejka\Documents\Visual Studio 2012\Projects\Лаба 4 вінапі\Калічныя спіс\Калічныя спіс.vcxproj" завершено (целевые объекты Build).

Построение успешно завершено.

Затраченное время: 00:00:06.67
