Build started 07.04.2015 11:22:32.
     1>Project "C:\Users\Andrejka\documents\visual studio 2010\Projects\Вінапі Лаба 3\Лаба 3 задача пра таймер\Лаба 3 задача пра таймер.vcxproj" on node 2 (build target(s)).
     1>InitializeBuildStatus:
         Creating "Debug\Лаба 3 задача пра таймер.unsuccessfulbuild" because "AlwaysCreate" was specified.
       ClCompile:
         C:\Program Files (x86)\Microsoft Visual Studio 10.0\VC\bin\CL.exe /c /ZI /nologo /W3 /WX- /Od /Oy- /D WIN32 /D _DEBUG /D _WINDOWS /D _UNICODE /D UNICODE /Gm /EHsc /RTC1 /MDd /GS /fp:precise /Zc:wchar_t /Zc:forScope /Fo"Debug\\" /Fd"Debug\vc100.pdb" /Gd /TP /analyze- /errorReport:prompt "Лаба 3 задача пра таймер.cpp"
         Лаба 3 задача пра таймер.cpp
     1>c:\users\andrejka\documents\visual studio 2010\projects\вінапі лаба 3\лаба 3 задача пра таймер\лаба 3 задача пра таймер.cpp(122): warning C4996: 'itoa': The POSIX name for this item is deprecated. Instead, use the ISO C++ conformant name: _itoa. See online help for details.
                 c:\program files (x86)\microsoft visual studio 10.0\vc\include\stdlib.h(867) : see declaration of 'itoa'
     1>c:\users\andrejka\documents\visual studio 2010\projects\вінапі лаба 3\лаба 3 задача пра таймер\лаба 3 задача пра таймер.cpp(134): warning C4996: 'itoa': The POSIX name for this item is deprecated. Instead, use the ISO C++ conformant name: _itoa. See online help for details.
                 c:\program files (x86)\microsoft visual studio 10.0\vc\include\stdlib.h(867) : see declaration of 'itoa'
       Link:
         C:\Program Files (x86)\Microsoft Visual Studio 10.0\VC\bin\link.exe /ERRORREPORT:PROMPT /OUT:"C:\Users\Andrejka\documents\visual studio 2010\Projects\Вінапі Лаба 3\Debug\Лаба 3 задача пра таймер.exe" /INCREMENTAL:NO /NOLOGO kernel32.lib user32.lib gdi32.lib winspool.lib comdlg32.lib advapi32.lib shell32.lib ole32.lib oleaut32.lib uuid.lib odbc32.lib odbccp32.lib /MANIFEST /ManifestFile:"Debug\Лаба 3 задача пра таймер.exe.intermediate.manifest" /MANIFESTUAC:"level='asInvoker' uiAccess='false'" /DEBUG /PDB:"C:\Users\Andrejka\documents\visual studio 2010\Projects\Вінапі Лаба 3\Debug\Лаба 3 задача пра таймер.pdb" /SUBSYSTEM:WINDOWS /TLBID:1 /DYNAMICBASE /NXCOMPAT /IMPLIB:"C:\Users\Andrejka\documents\visual studio 2010\Projects\Вінапі Лаба 3\Debug\Лаба 3 задача пра таймер.lib" /MACHINE:X86 "Debug\Лаба 3 задача пра таймер.obj"
     1>Лаба 3 задача пра таймер.obj : warning LNK4075: ignoring '/EDITANDCONTINUE' due to '/INCREMENTAL:NO' specification
         Лаба 3 задача пра таймер.vcxproj -> C:\Users\Andrejka\documents\visual studio 2010\Projects\Вінапі Лаба 3\Debug\Лаба 3 задача пра таймер.exe
       Manifest:
         C:\Program Files (x86)\Microsoft SDKs\Windows\v7.0A\bin\mt.exe /nologo /verbose /outputresource:"C:\Users\Andrejka\documents\visual studio 2010\Projects\Вінапі Лаба 3\Debug\Лаба 3 задача пра таймер.exe;#1" /manifest "Debug\Лаба 3 задача пра таймер.exe.intermediate.manifest"
       FinalizeBuildStatus:
         Deleting file "Debug\Лаба 3 задача пра таймер.unsuccessfulbuild".
         Touching "Debug\Лаба 3 задача пра таймер.lastbuildstate".
     1>Done Building Project "C:\Users\Andrejka\documents\visual studio 2010\Projects\Вінапі Лаба 3\Лаба 3 задача пра таймер\Лаба 3 задача пра таймер.vcxproj" (build target(s)).

Build succeeded.

Time Elapsed 00:00:06.18
